{"/Users/akbrbudikp/Documents/rmt-66/PHASE 2/WEEK 3/individual-project/IP-RMT66/server/app.js": {"path":"/Users/akbrbudikp/Documents/rmt-66/PHASE 2/WEEK 3/individual-project/IP-RMT66/server/app.js","statementMap":{"0":{"start":{"line":1,"column":0},"end":{"line":3,"column":1}},"1":{"start":{"line":2,"column":4},"end":{"line":2,"column":31}},"2":{"start":{"line":5,"column":24},"end":{"line":5,"column":48}},"3":{"start":{"line":6,"column":11},"end":{"line":6,"column":29}},"4":{"start":{"line":7,"column":16},"end":{"line":7,"column":34}},"5":{"start":{"line":8,"column":13},"end":{"line":8,"column":28}},"6":{"start":{"line":9,"column":23},"end":{"line":9,"column":62}},"7":{"start":{"line":10,"column":26},"end":{"line":10,"column":68}},"8":{"start":{"line":11,"column":21},"end":{"line":11,"column":58}},"9":{"start":{"line":12,"column":18},"end":{"line":12,"column":48}},"10":{"start":{"line":13,"column":23},"end":{"line":13,"column":58}},"11":{"start":{"line":14,"column":24},"end":{"line":14,"column":64}},"12":{"start":{"line":15,"column":23},"end":{"line":15,"column":62}},"13":{"start":{"line":16,"column":12},"end":{"line":16,"column":21}},"14":{"start":{"line":17,"column":13},"end":{"line":17,"column":37}},"15":{"start":{"line":19,"column":0},"end":{"line":19,"column":23}},"16":{"start":{"line":20,"column":0},"end":{"line":20,"column":48}},"17":{"start":{"line":21,"column":0},"end":{"line":21,"column":15}},"18":{"start":{"line":23,"column":15},"end":{"line":23,"column":32}},"19":{"start":{"line":24,"column":15},"end":{"line":24,"column":43}},"20":{"start":{"line":26,"column":0},"end":{"line":28,"column":2}},"21":{"start":{"line":27,"column":2},"end":{"line":27,"column":26}},"22":{"start":{"line":31,"column":0},"end":{"line":31,"column":46}},"23":{"start":{"line":32,"column":0},"end":{"line":32,"column":53}},"24":{"start":{"line":33,"column":0},"end":{"line":33,"column":40}},"25":{"start":{"line":36,"column":0},"end":{"line":36,"column":47}},"26":{"start":{"line":37,"column":0},"end":{"line":37,"column":50}},"27":{"start":{"line":39,"column":0},"end":{"line":39,"column":86}},"28":{"start":{"line":41,"column":0},"end":{"line":41,"column":23}},"29":{"start":{"line":43,"column":0},"end":{"line":47,"column":2}},"30":{"start":{"line":50,"column":0},"end":{"line":50,"column":55}},"31":{"start":{"line":51,"column":0},"end":{"line":51,"column":59}},"32":{"start":{"line":52,"column":0},"end":{"line":52,"column":63}},"33":{"start":{"line":54,"column":0},"end":{"line":54,"column":43}},"34":{"start":{"line":55,"column":0},"end":{"line":55,"column":49}},"35":{"start":{"line":56,"column":0},"end":{"line":56,"column":68}},"36":{"start":{"line":58,"column":0},"end":{"line":58,"column":47}},"37":{"start":{"line":59,"column":0},"end":{"line":59,"column":55}},"38":{"start":{"line":61,"column":0},"end":{"line":61,"column":21}},"39":{"start":{"line":63,"column":0},"end":{"line":67,"column":1}},"40":{"start":{"line":64,"column":2},"end":{"line":66,"column":5}},"41":{"start":{"line":65,"column":4},"end":{"line":65,"column":65}},"42":{"start":{"line":69,"column":0},"end":{"line":69,"column":21}}},"fnMap":{"0":{"name":"(anonymous_0)","decl":{"start":{"line":26,"column":13},"end":{"line":26,"column":14}},"loc":{"start":{"line":26,"column":27},"end":{"line":28,"column":1}},"line":26},"1":{"name":"(anonymous_1)","decl":{"start":{"line":64,"column":19},"end":{"line":64,"column":20}},"loc":{"start":{"line":64,"column":25},"end":{"line":66,"column":3}},"line":64}},"branchMap":{"0":{"loc":{"start":{"line":1,"column":0},"end":{"line":3,"column":1}},"type":"if","locations":[{"start":{"line":1,"column":0},"end":{"line":3,"column":1}},{"start":{},"end":{}}],"line":1},"1":{"loc":{"start":{"line":17,"column":13},"end":{"line":17,"column":37}},"type":"binary-expr","locations":[{"start":{"line":17,"column":13},"end":{"line":17,"column":29}},{"start":{"line":17,"column":33},"end":{"line":17,"column":37}}],"line":17},"2":{"loc":{"start":{"line":63,"column":0},"end":{"line":67,"column":1}},"type":"if","locations":[{"start":{"line":63,"column":0},"end":{"line":67,"column":1}},{"start":{},"end":{}}],"line":63}},"s":{"0":6,"1":6,"2":6,"3":6,"4":6,"5":6,"6":6,"7":6,"8":6,"9":6,"10":6,"11":6,"12":6,"13":6,"14":6,"15":6,"16":6,"17":6,"18":6,"19":6,"20":6,"21":1,"22":6,"23":6,"24":6,"25":6,"26":6,"27":6,"28":6,"29":6,"30":6,"31":6,"32":6,"33":6,"34":6,"35":6,"36":6,"37":6,"38":6,"39":6,"40":0,"41":0,"42":6},"f":{"0":1,"1":0},"b":{"0":[6,0],"1":[6,6],"2":[0,6]},"_coverageSchema":"1a1c01bbd47fc00a2c39e90264f33305004495a9","hash":"42ec8941f1ca537ddc72fed6c9e83d25fadc4ca5"}
,"/Users/akbrbudikp/Documents/rmt-66/PHASE 2/WEEK 3/individual-project/IP-RMT66/server/controllers/CartController.js": {"path":"/Users/akbrbudikp/Documents/rmt-66/PHASE 2/WEEK 3/individual-project/IP-RMT66/server/controllers/CartController.js","statementMap":{"0":{"start":{"line":1,"column":36},"end":{"line":1,"column":56}},"1":{"start":{"line":5,"column":8},"end":{"line":33,"column":9}},"2":{"start":{"line":6,"column":44},"end":{"line":6,"column":52}},"3":{"start":{"line":7,"column":27},"end":{"line":7,"column":38}},"4":{"start":{"line":9,"column":27},"end":{"line":9,"column":73}},"5":{"start":{"line":11,"column":23},"end":{"line":16,"column":14}},"6":{"start":{"line":18,"column":12},"end":{"line":28,"column":13}},"7":{"start":{"line":19,"column":16},"end":{"line":19,"column":41}},"8":{"start":{"line":20,"column":16},"end":{"line":20,"column":34}},"9":{"start":{"line":23,"column":16},"end":{"line":27,"column":18}},"10":{"start":{"line":30,"column":12},"end":{"line":30,"column":87}},"11":{"start":{"line":32,"column":12},"end":{"line":32,"column":23}},"12":{"start":{"line":37,"column":8},"end":{"line":59,"column":9}},"13":{"start":{"line":38,"column":27},"end":{"line":38,"column":38}},"14":{"start":{"line":40,"column":25},"end":{"line":50,"column":14}},"15":{"start":{"line":52,"column":12},"end":{"line":54,"column":13}},"16":{"start":{"line":53,"column":16},"end":{"line":53,"column":90}},"17":{"start":{"line":56,"column":12},"end":{"line":56,"column":39}},"18":{"start":{"line":58,"column":12},"end":{"line":58,"column":23}},"19":{"start":{"line":63,"column":8},"end":{"line":84,"column":9}},"20":{"start":{"line":64,"column":35},"end":{"line":64,"column":45}},"21":{"start":{"line":65,"column":27},"end":{"line":65,"column":38}},"22":{"start":{"line":67,"column":25},"end":{"line":67,"column":66}},"23":{"start":{"line":69,"column":12},"end":{"line":71,"column":13}},"24":{"start":{"line":70,"column":16},"end":{"line":70,"column":70}},"25":{"start":{"line":73,"column":25},"end":{"line":73,"column":60}},"26":{"start":{"line":75,"column":12},"end":{"line":77,"column":13}},"27":{"start":{"line":76,"column":16},"end":{"line":76,"column":99}},"28":{"start":{"line":79,"column":12},"end":{"line":79,"column":32}},"29":{"start":{"line":81,"column":12},"end":{"line":81,"column":85}},"30":{"start":{"line":83,"column":12},"end":{"line":83,"column":23}},"31":{"start":{"line":88,"column":0},"end":{"line":88,"column":31}}},"fnMap":{"0":{"name":"(anonymous_0)","decl":{"start":{"line":4,"column":4},"end":{"line":4,"column":5}},"loc":{"start":{"line":4,"column":47},"end":{"line":34,"column":5}},"line":4},"1":{"name":"(anonymous_1)","decl":{"start":{"line":36,"column":4},"end":{"line":36,"column":5}},"loc":{"start":{"line":36,"column":42},"end":{"line":60,"column":5}},"line":36},"2":{"name":"(anonymous_2)","decl":{"start":{"line":62,"column":4},"end":{"line":62,"column":5}},"loc":{"start":{"line":62,"column":52},"end":{"line":85,"column":5}},"line":62}},"branchMap":{"0":{"loc":{"start":{"line":18,"column":12},"end":{"line":28,"column":13}},"type":"if","locations":[{"start":{"line":18,"column":12},"end":{"line":28,"column":13}},{"start":{"line":22,"column":19},"end":{"line":28,"column":13}}],"line":18},"1":{"loc":{"start":{"line":52,"column":12},"end":{"line":54,"column":13}},"type":"if","locations":[{"start":{"line":52,"column":12},"end":{"line":54,"column":13}},{"start":{},"end":{}}],"line":52},"2":{"loc":{"start":{"line":69,"column":12},"end":{"line":71,"column":13}},"type":"if","locations":[{"start":{"line":69,"column":12},"end":{"line":71,"column":13}},{"start":{},"end":{}}],"line":69},"3":{"loc":{"start":{"line":75,"column":12},"end":{"line":77,"column":13}},"type":"if","locations":[{"start":{"line":75,"column":12},"end":{"line":77,"column":13}},{"start":{},"end":{}}],"line":75},"4":{"loc":{"start":{"line":75,"column":16},"end":{"line":75,"column":48}},"type":"binary-expr","locations":[{"start":{"line":75,"column":16},"end":{"line":75,"column":21}},{"start":{"line":75,"column":25},"end":{"line":75,"column":48}}],"line":75}},"s":{"0":6,"1":9,"2":9,"3":9,"4":9,"5":9,"6":9,"7":1,"8":1,"9":8,"10":9,"11":0,"12":2,"13":2,"14":2,"15":2,"16":1,"17":1,"18":0,"19":1,"20":1,"21":1,"22":1,"23":1,"24":0,"25":1,"26":1,"27":0,"28":1,"29":1,"30":0,"31":6},"f":{"0":9,"1":2,"2":1},"b":{"0":[1,8],"1":[1,1],"2":[0,1],"3":[0,1],"4":[1,1]},"_coverageSchema":"1a1c01bbd47fc00a2c39e90264f33305004495a9","hash":"fb4b2e97901a8a2690f7d7670a85eec6edb7e78a"}
,"/Users/akbrbudikp/Documents/rmt-66/PHASE 2/WEEK 3/individual-project/IP-RMT66/server/controllers/OrderController.js": {"path":"/Users/akbrbudikp/Documents/rmt-66/PHASE 2/WEEK 3/individual-project/IP-RMT66/server/controllers/OrderController.js","statementMap":{"0":{"start":{"line":1,"column":65},"end":{"line":1,"column":85}},"1":{"start":{"line":2,"column":23},"end":{"line":2,"column":49}},"2":{"start":{"line":4,"column":11},"end":{"line":8,"column":2}},"3":{"start":{"line":13,"column":18},"end":{"line":13,"column":47}},"4":{"start":{"line":15,"column":8},"end":{"line":105,"column":9}},"5":{"start":{"line":16,"column":27},"end":{"line":16,"column":38}},"6":{"start":{"line":17,"column":40},"end":{"line":17,"column":48}},"7":{"start":{"line":19,"column":12},"end":{"line":21,"column":13}},"8":{"start":{"line":20,"column":16},"end":{"line":20,"column":86}},"9":{"start":{"line":23,"column":25},"end":{"line":30,"column":14}},"10":{"start":{"line":32,"column":12},"end":{"line":34,"column":13}},"11":{"start":{"line":33,"column":16},"end":{"line":33,"column":76}},"12":{"start":{"line":36,"column":12},"end":{"line":40,"column":13}},"13":{"start":{"line":37,"column":16},"end":{"line":39,"column":17}},"14":{"start":{"line":38,"column":20},"end":{"line":38,"column":105}},"15":{"start":{"line":42,"column":31},"end":{"line":44,"column":17}},"16":{"start":{"line":43,"column":16},"end":{"line":43,"column":67}},"17":{"start":{"line":46,"column":29},"end":{"line":51,"column":34}},"18":{"start":{"line":53,"column":31},"end":{"line":58,"column":15}},"19":{"start":{"line":53,"column":55},"end":{"line":58,"column":13}},"20":{"start":{"line":60,"column":12},"end":{"line":60,"column":71}},"21":{"start":{"line":62,"column":12},"end":{"line":67,"column":13}},"22":{"start":{"line":63,"column":16},"end":{"line":66,"column":18}},"23":{"start":{"line":69,"column":12},"end":{"line":72,"column":15}},"24":{"start":{"line":74,"column":30},"end":{"line":90,"column":13}},"25":{"start":{"line":79,"column":54},"end":{"line":84,"column":17}},"26":{"start":{"line":92,"column":30},"end":{"line":92,"column":74}},"27":{"start":{"line":94,"column":12},"end":{"line":94,"column":29}},"28":{"start":{"line":96,"column":12},"end":{"line":100,"column":15}},"29":{"start":{"line":102,"column":12},"end":{"line":102,"column":61}},"30":{"start":{"line":103,"column":12},"end":{"line":103,"column":31}},"31":{"start":{"line":104,"column":12},"end":{"line":104,"column":23}},"32":{"start":{"line":109,"column":8},"end":{"line":125,"column":9}},"33":{"start":{"line":110,"column":27},"end":{"line":110,"column":38}},"34":{"start":{"line":112,"column":27},"end":{"line":120,"column":14}},"35":{"start":{"line":122,"column":12},"end":{"line":122,"column":41}},"36":{"start":{"line":124,"column":12},"end":{"line":124,"column":23}},"37":{"start":{"line":129,"column":8},"end":{"line":160,"column":9}},"38":{"start":{"line":130,"column":37},"end":{"line":130,"column":45}},"39":{"start":{"line":132,"column":28},"end":{"line":132,"column":53}},"40":{"start":{"line":133,"column":38},"end":{"line":133,"column":73}},"41":{"start":{"line":134,"column":32},"end":{"line":134,"column":61}},"42":{"start":{"line":136,"column":12},"end":{"line":136,"column":155}},"43":{"start":{"line":138,"column":26},"end":{"line":138,"column":55}},"44":{"start":{"line":140,"column":12},"end":{"line":142,"column":13}},"45":{"start":{"line":141,"column":16},"end":{"line":141,"column":99}},"46":{"start":{"line":144,"column":12},"end":{"line":146,"column":13}},"47":{"start":{"line":145,"column":16},"end":{"line":145,"column":102}},"48":{"start":{"line":148,"column":12},"end":{"line":154,"column":13}},"49":{"start":{"line":149,"column":16},"end":{"line":151,"column":17}},"50":{"start":{"line":150,"column":20},"end":{"line":150,"column":59}},"51":{"start":{"line":152,"column":19},"end":{"line":154,"column":13}},"52":{"start":{"line":153,"column":16},"end":{"line":153,"column":60}},"53":{"start":{"line":156,"column":12},"end":{"line":156,"column":85}},"54":{"start":{"line":159,"column":12},"end":{"line":159,"column":24}},"55":{"start":{"line":164,"column":0},"end":{"line":164,"column":33}}},"fnMap":{"0":{"name":"(anonymous_0)","decl":{"start":{"line":12,"column":4},"end":{"line":12,"column":5}},"loc":{"start":{"line":12,"column":42},"end":{"line":106,"column":5}},"line":12},"1":{"name":"(anonymous_1)","decl":{"start":{"line":42,"column":49},"end":{"line":42,"column":50}},"loc":{"start":{"line":42,"column":66},"end":{"line":44,"column":13}},"line":42},"2":{"name":"(anonymous_2)","decl":{"start":{"line":53,"column":46},"end":{"line":53,"column":47}},"loc":{"start":{"line":53,"column":55},"end":{"line":58,"column":13}},"line":53},"3":{"name":"(anonymous_3)","decl":{"start":{"line":79,"column":45},"end":{"line":79,"column":46}},"loc":{"start":{"line":79,"column":54},"end":{"line":84,"column":17}},"line":79},"4":{"name":"(anonymous_4)","decl":{"start":{"line":108,"column":4},"end":{"line":108,"column":5}},"loc":{"start":{"line":108,"column":44},"end":{"line":126,"column":5}},"line":108},"5":{"name":"(anonymous_5)","decl":{"start":{"line":128,"column":4},"end":{"line":128,"column":5}},"loc":{"start":{"line":128,"column":60},"end":{"line":161,"column":5}},"line":128}},"branchMap":{"0":{"loc":{"start":{"line":19,"column":12},"end":{"line":21,"column":13}},"type":"if","locations":[{"start":{"line":19,"column":12},"end":{"line":21,"column":13}},{"start":{},"end":{}}],"line":19},"1":{"loc":{"start":{"line":32,"column":12},"end":{"line":34,"column":13}},"type":"if","locations":[{"start":{"line":32,"column":12},"end":{"line":34,"column":13}},{"start":{},"end":{}}],"line":32},"2":{"loc":{"start":{"line":32,"column":16},"end":{"line":32,"column":63}},"type":"binary-expr","locations":[{"start":{"line":32,"column":16},"end":{"line":32,"column":21}},{"start":{"line":32,"column":25},"end":{"line":32,"column":36}},{"start":{"line":32,"column":40},"end":{"line":32,"column":63}}],"line":32},"3":{"loc":{"start":{"line":37,"column":16},"end":{"line":39,"column":17}},"type":"if","locations":[{"start":{"line":37,"column":16},"end":{"line":39,"column":17}},{"start":{},"end":{}}],"line":37},"4":{"loc":{"start":{"line":140,"column":12},"end":{"line":142,"column":13}},"type":"if","locations":[{"start":{"line":140,"column":12},"end":{"line":142,"column":13}},{"start":{},"end":{}}],"line":140},"5":{"loc":{"start":{"line":144,"column":12},"end":{"line":146,"column":13}},"type":"if","locations":[{"start":{"line":144,"column":12},"end":{"line":146,"column":13}},{"start":{},"end":{}}],"line":144},"6":{"loc":{"start":{"line":148,"column":12},"end":{"line":154,"column":13}},"type":"if","locations":[{"start":{"line":148,"column":12},"end":{"line":154,"column":13}},{"start":{"line":152,"column":19},"end":{"line":154,"column":13}}],"line":148},"7":{"loc":{"start":{"line":148,"column":16},"end":{"line":148,"column":83}},"type":"binary-expr","locations":[{"start":{"line":148,"column":16},"end":{"line":148,"column":46}},{"start":{"line":148,"column":50},"end":{"line":148,"column":83}}],"line":148},"8":{"loc":{"start":{"line":149,"column":16},"end":{"line":151,"column":17}},"type":"if","locations":[{"start":{"line":149,"column":16},"end":{"line":151,"column":17}},{"start":{},"end":{}}],"line":149},"9":{"loc":{"start":{"line":152,"column":19},"end":{"line":154,"column":13}},"type":"if","locations":[{"start":{"line":152,"column":19},"end":{"line":154,"column":13}},{"start":{},"end":{}}],"line":152},"10":{"loc":{"start":{"line":152,"column":23},"end":{"line":152,"column":116}},"type":"binary-expr","locations":[{"start":{"line":152,"column":23},"end":{"line":152,"column":52}},{"start":{"line":152,"column":56},"end":{"line":152,"column":83}},{"start":{"line":152,"column":87},"end":{"line":152,"column":116}}],"line":152}},"s":{"0":6,"1":6,"2":6,"3":7,"4":7,"5":7,"6":7,"7":7,"8":1,"9":6,"10":6,"11":1,"12":5,"13":5,"14":1,"15":4,"16":4,"17":4,"18":4,"19":4,"20":4,"21":4,"22":4,"23":4,"24":4,"25":4,"26":4,"27":4,"28":4,"29":3,"30":3,"31":3,"32":1,"33":1,"34":1,"35":1,"36":0,"37":2,"38":2,"39":2,"40":2,"41":2,"42":2,"43":2,"44":2,"45":0,"46":2,"47":0,"48":2,"49":1,"50":1,"51":1,"52":1,"53":2,"54":0,"55":6},"f":{"0":7,"1":4,"2":4,"3":4,"4":1,"5":2},"b":{"0":[1,6],"1":[1,5],"2":[6,5,5],"3":[1,4],"4":[0,2],"5":[0,2],"6":[1,1],"7":[2,2],"8":[1,0],"9":[1,0],"10":[1,1,0]},"_coverageSchema":"1a1c01bbd47fc00a2c39e90264f33305004495a9","hash":"80d40b42a9a2ec81766a1e2154d42fcb7f035ea5"}
,"/Users/akbrbudikp/Documents/rmt-66/PHASE 2/WEEK 3/individual-project/IP-RMT66/server/controllers/ProductController.js": {"path":"/Users/akbrbudikp/Documents/rmt-66/PHASE 2/WEEK 3/individual-project/IP-RMT66/server/controllers/ProductController.js","statementMap":{"0":{"start":{"line":1,"column":20},"end":{"line":1,"column":40}},"1":{"start":{"line":2,"column":19},"end":{"line":2,"column":43}},"2":{"start":{"line":3,"column":11},"end":{"line":3,"column":33}},"3":{"start":{"line":15,"column":8},"end":{"line":21,"column":9}},"4":{"start":{"line":16,"column":29},"end":{"line":16,"column":52}},"5":{"start":{"line":18,"column":12},"end":{"line":18,"column":42}},"6":{"start":{"line":20,"column":12},"end":{"line":20,"column":23}},"7":{"start":{"line":25,"column":8},"end":{"line":35,"column":9}},"8":{"start":{"line":26,"column":27},"end":{"line":26,"column":37}},"9":{"start":{"line":28,"column":28},"end":{"line":28,"column":54}},"10":{"start":{"line":30,"column":12},"end":{"line":30,"column":82}},"11":{"start":{"line":30,"column":26},"end":{"line":30,"column":82}},"12":{"start":{"line":32,"column":12},"end":{"line":32,"column":41}},"13":{"start":{"line":34,"column":12},"end":{"line":34,"column":23}},"14":{"start":{"line":39,"column":8},"end":{"line":39,"column":66}},"15":{"start":{"line":40,"column":8},"end":{"line":40,"column":30}},"16":{"start":{"line":41,"column":8},"end":{"line":41,"column":66}},"17":{"start":{"line":42,"column":8},"end":{"line":52,"column":9}},"18":{"start":{"line":43,"column":78},"end":{"line":43,"column":86}},"19":{"start":{"line":45,"column":28},"end":{"line":45,"column":107}},"20":{"start":{"line":47,"column":12},"end":{"line":47,"column":41}},"21":{"start":{"line":49,"column":12},"end":{"line":49,"column":61}},"22":{"start":{"line":50,"column":12},"end":{"line":50,"column":56}},"23":{"start":{"line":51,"column":12},"end":{"line":51,"column":23}},"24":{"start":{"line":56,"column":8},"end":{"line":72,"column":9}},"25":{"start":{"line":57,"column":27},"end":{"line":57,"column":37}},"26":{"start":{"line":59,"column":28},"end":{"line":59,"column":54}},"27":{"start":{"line":61,"column":12},"end":{"line":63,"column":13}},"28":{"start":{"line":62,"column":16},"end":{"line":62,"column":72}},"29":{"start":{"line":65,"column":78},"end":{"line":65,"column":86}},"30":{"start":{"line":67,"column":12},"end":{"line":67,"column":91}},"31":{"start":{"line":69,"column":12},"end":{"line":69,"column":41}},"32":{"start":{"line":71,"column":12},"end":{"line":71,"column":23}},"33":{"start":{"line":76,"column":8},"end":{"line":90,"column":9}},"34":{"start":{"line":77,"column":27},"end":{"line":77,"column":37}},"35":{"start":{"line":79,"column":28},"end":{"line":79,"column":54}},"36":{"start":{"line":81,"column":12},"end":{"line":83,"column":13}},"37":{"start":{"line":82,"column":16},"end":{"line":82,"column":72}},"38":{"start":{"line":85,"column":12},"end":{"line":85,"column":35}},"39":{"start":{"line":87,"column":12},"end":{"line":87,"column":100}},"40":{"start":{"line":89,"column":12},"end":{"line":89,"column":23}},"41":{"start":{"line":94,"column":30},"end":{"line":94,"column":61}},"42":{"start":{"line":95,"column":8},"end":{"line":159,"column":9}},"43":{"start":{"line":96,"column":38},"end":{"line":96,"column":48}},"44":{"start":{"line":97,"column":53},"end":{"line":97,"column":61}},"45":{"start":{"line":98,"column":34},"end":{"line":98,"column":42}},"46":{"start":{"line":100,"column":12},"end":{"line":106,"column":15}},"47":{"start":{"line":108,"column":12},"end":{"line":110,"column":13}},"48":{"start":{"line":109,"column":16},"end":{"line":109,"column":80}},"49":{"start":{"line":112,"column":12},"end":{"line":114,"column":13}},"50":{"start":{"line":113,"column":16},"end":{"line":113,"column":103}},"51":{"start":{"line":116,"column":28},"end":{"line":116,"column":61}},"52":{"start":{"line":117,"column":12},"end":{"line":119,"column":13}},"53":{"start":{"line":118,"column":16},"end":{"line":118,"column":73}},"54":{"start":{"line":121,"column":12},"end":{"line":123,"column":13}},"55":{"start":{"line":122,"column":16},"end":{"line":122,"column":97}},"56":{"start":{"line":125,"column":42},"end":{"line":127,"column":14}},"57":{"start":{"line":129,"column":12},"end":{"line":129,"column":96}},"58":{"start":{"line":131,"column":33},"end":{"line":131,"column":65}},"59":{"start":{"line":133,"column":35},"end":{"line":139,"column":13}},"60":{"start":{"line":141,"column":12},"end":{"line":141,"column":76}},"61":{"start":{"line":142,"column":12},"end":{"line":142,"column":70}},"62":{"start":{"line":144,"column":12},"end":{"line":147,"column":15}},"63":{"start":{"line":149,"column":12},"end":{"line":149,"column":31}},"64":{"start":{"line":150,"column":12},"end":{"line":150,"column":24}},"65":{"start":{"line":152,"column":12},"end":{"line":158,"column":13}},"66":{"start":{"line":153,"column":16},"end":{"line":157,"column":17}},"67":{"start":{"line":154,"column":20},"end":{"line":154,"column":51}},"68":{"start":{"line":156,"column":20},"end":{"line":156,"column":83}},"69":{"start":{"line":163,"column":0},"end":{"line":163,"column":34}}},"fnMap":{"0":{"name":"(anonymous_0)","decl":{"start":{"line":14,"column":4},"end":{"line":14,"column":5}},"loc":{"start":{"line":14,"column":41},"end":{"line":22,"column":5}},"line":14},"1":{"name":"(anonymous_1)","decl":{"start":{"line":24,"column":4},"end":{"line":24,"column":5}},"loc":{"start":{"line":24,"column":40},"end":{"line":36,"column":5}},"line":24},"2":{"name":"(anonymous_2)","decl":{"start":{"line":38,"column":4},"end":{"line":38,"column":5}},"loc":{"start":{"line":38,"column":37},"end":{"line":53,"column":5}},"line":38},"3":{"name":"(anonymous_3)","decl":{"start":{"line":55,"column":4},"end":{"line":55,"column":5}},"loc":{"start":{"line":55,"column":38},"end":{"line":73,"column":5}},"line":55},"4":{"name":"(anonymous_4)","decl":{"start":{"line":75,"column":4},"end":{"line":75,"column":5}},"loc":{"start":{"line":75,"column":40},"end":{"line":91,"column":5}},"line":75},"5":{"name":"(anonymous_5)","decl":{"start":{"line":93,"column":4},"end":{"line":93,"column":5}},"loc":{"start":{"line":93,"column":53},"end":{"line":160,"column":5}},"line":93}},"branchMap":{"0":{"loc":{"start":{"line":30,"column":12},"end":{"line":30,"column":82}},"type":"if","locations":[{"start":{"line":30,"column":12},"end":{"line":30,"column":82}},{"start":{},"end":{}}],"line":30},"1":{"loc":{"start":{"line":61,"column":12},"end":{"line":63,"column":13}},"type":"if","locations":[{"start":{"line":61,"column":12},"end":{"line":63,"column":13}},{"start":{},"end":{}}],"line":61},"2":{"loc":{"start":{"line":81,"column":12},"end":{"line":83,"column":13}},"type":"if","locations":[{"start":{"line":81,"column":12},"end":{"line":83,"column":13}},{"start":{},"end":{}}],"line":81},"3":{"loc":{"start":{"line":94,"column":30},"end":{"line":94,"column":61}},"type":"cond-expr","locations":[{"start":{"line":94,"column":41},"end":{"line":94,"column":54}},{"start":{"line":94,"column":57},"end":{"line":94,"column":61}}],"line":94},"4":{"loc":{"start":{"line":105,"column":31},"end":{"line":105,"column":80}},"type":"cond-expr","locations":[{"start":{"line":105,"column":47},"end":{"line":105,"column":73}},{"start":{"line":105,"column":76},"end":{"line":105,"column":80}}],"line":105},"5":{"loc":{"start":{"line":108,"column":12},"end":{"line":110,"column":13}},"type":"if","locations":[{"start":{"line":108,"column":12},"end":{"line":110,"column":13}},{"start":{},"end":{}}],"line":108},"6":{"loc":{"start":{"line":112,"column":12},"end":{"line":114,"column":13}},"type":"if","locations":[{"start":{"line":112,"column":12},"end":{"line":114,"column":13}},{"start":{},"end":{}}],"line":112},"7":{"loc":{"start":{"line":112,"column":16},"end":{"line":112,"column":51}},"type":"binary-expr","locations":[{"start":{"line":112,"column":16},"end":{"line":112,"column":23}},{"start":{"line":112,"column":27},"end":{"line":112,"column":34}},{"start":{"line":112,"column":38},"end":{"line":112,"column":51}}],"line":112},"8":{"loc":{"start":{"line":117,"column":12},"end":{"line":119,"column":13}},"type":"if","locations":[{"start":{"line":117,"column":12},"end":{"line":119,"column":13}},{"start":{},"end":{}}],"line":117},"9":{"loc":{"start":{"line":121,"column":12},"end":{"line":123,"column":13}},"type":"if","locations":[{"start":{"line":121,"column":12},"end":{"line":123,"column":13}},{"start":{},"end":{}}],"line":121},"10":{"loc":{"start":{"line":152,"column":12},"end":{"line":158,"column":13}},"type":"if","locations":[{"start":{"line":152,"column":12},"end":{"line":158,"column":13}},{"start":{},"end":{}}],"line":152}},"s":{"0":6,"1":6,"2":6,"3":2,"4":2,"5":2,"6":0,"7":2,"8":2,"9":2,"10":2,"11":1,"12":1,"13":1,"14":2,"15":2,"16":2,"17":2,"18":2,"19":2,"20":1,"21":1,"22":1,"23":1,"24":2,"25":2,"26":2,"27":2,"28":1,"29":1,"30":1,"31":1,"32":1,"33":2,"34":2,"35":2,"36":2,"37":1,"38":1,"39":1,"40":1,"41":0,"42":0,"43":0,"44":0,"45":0,"46":0,"47":0,"48":0,"49":0,"50":0,"51":0,"52":0,"53":0,"54":0,"55":0,"56":0,"57":0,"58":0,"59":0,"60":0,"61":0,"62":0,"63":0,"64":0,"65":0,"66":0,"67":0,"68":0,"69":6},"f":{"0":2,"1":2,"2":2,"3":2,"4":2,"5":0},"b":{"0":[1,1],"1":[1,1],"2":[1,1],"3":[0,0],"4":[0,0],"5":[0,0],"6":[0,0],"7":[0,0,0],"8":[0,0],"9":[0,0],"10":[0,0]},"_coverageSchema":"1a1c01bbd47fc00a2c39e90264f33305004495a9","hash":"3ea360068ccf4cea70bd30ad8298007ffe1d716e"}
,"/Users/akbrbudikp/Documents/rmt-66/PHASE 2/WEEK 3/individual-project/IP-RMT66/server/controllers/UserController.js": {"path":"/Users/akbrbudikp/Documents/rmt-66/PHASE 2/WEEK 3/individual-project/IP-RMT66/server/controllers/UserController.js","statementMap":{"0":{"start":{"line":1,"column":22},"end":{"line":1,"column":47}},"1":{"start":{"line":2,"column":15},"end":{"line":2,"column":32}},"2":{"start":{"line":3,"column":17},"end":{"line":3,"column":37}},"3":{"start":{"line":4,"column":25},"end":{"line":4,"column":55}},"4":{"start":{"line":8,"column":8},"end":{"line":20,"column":9}},"5":{"start":{"line":9,"column":50},"end":{"line":9,"column":58}},"6":{"start":{"line":11,"column":25},"end":{"line":11,"column":73}},"7":{"start":{"line":13,"column":12},"end":{"line":17,"column":14}},"8":{"start":{"line":19,"column":12},"end":{"line":19,"column":23}},"9":{"start":{"line":24,"column":8},"end":{"line":45,"column":9}},"10":{"start":{"line":25,"column":40},"end":{"line":25,"column":48}},"11":{"start":{"line":27,"column":12},"end":{"line":27,"column":82}},"12":{"start":{"line":27,"column":24},"end":{"line":27,"column":82}},"13":{"start":{"line":28,"column":12},"end":{"line":28,"column":88}},"14":{"start":{"line":28,"column":27},"end":{"line":28,"column":88}},"15":{"start":{"line":30,"column":25},"end":{"line":30,"column":65}},"16":{"start":{"line":32,"column":12},"end":{"line":32,"column":91}},"17":{"start":{"line":32,"column":23},"end":{"line":32,"column":91}},"18":{"start":{"line":34,"column":36},"end":{"line":34,"column":81}},"19":{"start":{"line":36,"column":12},"end":{"line":38,"column":13}},"20":{"start":{"line":37,"column":16},"end":{"line":37,"column":84}},"21":{"start":{"line":40,"column":33},"end":{"line":40,"column":59}},"22":{"start":{"line":42,"column":12},"end":{"line":42,"column":50}},"23":{"start":{"line":44,"column":12},"end":{"line":44,"column":23}},"24":{"start":{"line":49,"column":8},"end":{"line":74,"column":9}},"25":{"start":{"line":50,"column":36},"end":{"line":50,"column":44}},"26":{"start":{"line":52,"column":12},"end":{"line":52,"column":83}},"27":{"start":{"line":54,"column":27},"end":{"line":54,"column":45}},"28":{"start":{"line":55,"column":27},"end":{"line":58,"column":14}},"29":{"start":{"line":59,"column":28},"end":{"line":59,"column":47}},"30":{"start":{"line":61,"column":36},"end":{"line":68,"column":14}},"31":{"start":{"line":69,"column":33},"end":{"line":69,"column":59}},"32":{"start":{"line":70,"column":12},"end":{"line":70,"column":50}},"33":{"start":{"line":72,"column":12},"end":{"line":72,"column":31}},"34":{"start":{"line":73,"column":12},"end":{"line":73,"column":46}},"35":{"start":{"line":78,"column":0},"end":{"line":78,"column":31}}},"fnMap":{"0":{"name":"(anonymous_0)","decl":{"start":{"line":7,"column":4},"end":{"line":7,"column":5}},"loc":{"start":{"line":7,"column":42},"end":{"line":21,"column":5}},"line":7},"1":{"name":"(anonymous_1)","decl":{"start":{"line":23,"column":4},"end":{"line":23,"column":5}},"loc":{"start":{"line":23,"column":39},"end":{"line":46,"column":5}},"line":23},"2":{"name":"(anonymous_2)","decl":{"start":{"line":48,"column":4},"end":{"line":48,"column":5}},"loc":{"start":{"line":48,"column":45},"end":{"line":75,"column":5}},"line":48}},"branchMap":{"0":{"loc":{"start":{"line":27,"column":12},"end":{"line":27,"column":82}},"type":"if","locations":[{"start":{"line":27,"column":12},"end":{"line":27,"column":82}},{"start":{},"end":{}}],"line":27},"1":{"loc":{"start":{"line":28,"column":12},"end":{"line":28,"column":88}},"type":"if","locations":[{"start":{"line":28,"column":12},"end":{"line":28,"column":88}},{"start":{},"end":{}}],"line":28},"2":{"loc":{"start":{"line":32,"column":12},"end":{"line":32,"column":91}},"type":"if","locations":[{"start":{"line":32,"column":12},"end":{"line":32,"column":91}},{"start":{},"end":{}}],"line":32},"3":{"loc":{"start":{"line":36,"column":12},"end":{"line":38,"column":13}},"type":"if","locations":[{"start":{"line":36,"column":12},"end":{"line":38,"column":13}},{"start":{},"end":{}}],"line":36}},"s":{"0":6,"1":6,"2":6,"3":6,"4":7,"5":7,"6":7,"7":3,"8":4,"9":8,"10":8,"11":8,"12":1,"13":7,"14":1,"15":6,"16":6,"17":1,"18":5,"19":5,"20":1,"21":4,"22":4,"23":4,"24":2,"25":2,"26":2,"27":2,"28":2,"29":1,"30":1,"31":1,"32":1,"33":1,"34":1,"35":6},"f":{"0":7,"1":8,"2":2},"b":{"0":[1,7],"1":[1,6],"2":[1,5],"3":[1,4]},"_coverageSchema":"1a1c01bbd47fc00a2c39e90264f33305004495a9","hash":"bff5fe9cfd287276ea11827d56feb0fc385b1677"}
,"/Users/akbrbudikp/Documents/rmt-66/PHASE 2/WEEK 3/individual-project/IP-RMT66/server/helpers/adminOnly.js": {"path":"/Users/akbrbudikp/Documents/rmt-66/PHASE 2/WEEK 3/individual-project/IP-RMT66/server/helpers/adminOnly.js","statementMap":{"0":{"start":{"line":2,"column":4},"end":{"line":2,"column":61}},"1":{"start":{"line":3,"column":4},"end":{"line":7,"column":5}},"2":{"start":{"line":4,"column":8},"end":{"line":4,"column":21}},"3":{"start":{"line":6,"column":8},"end":{"line":6,"column":73}},"4":{"start":{"line":10,"column":0},"end":{"line":10,"column":26}}},"fnMap":{"0":{"name":"adminOnly","decl":{"start":{"line":1,"column":9},"end":{"line":1,"column":18}},"loc":{"start":{"line":1,"column":35},"end":{"line":8,"column":1}},"line":1}},"branchMap":{"0":{"loc":{"start":{"line":3,"column":4},"end":{"line":7,"column":5}},"type":"if","locations":[{"start":{"line":3,"column":4},"end":{"line":7,"column":5}},{"start":{"line":5,"column":11},"end":{"line":7,"column":5}}],"line":3}},"s":{"0":7,"1":7,"2":6,"3":1,"4":6},"f":{"0":7},"b":{"0":[6,1]},"_coverageSchema":"1a1c01bbd47fc00a2c39e90264f33305004495a9","hash":"9c11b640cecbfe4b9a181a4b5a689b3c3e521e0a"}
,"/Users/akbrbudikp/Documents/rmt-66/PHASE 2/WEEK 3/individual-project/IP-RMT66/server/helpers/authentication.js": {"path":"/Users/akbrbudikp/Documents/rmt-66/PHASE 2/WEEK 3/individual-project/IP-RMT66/server/helpers/authentication.js","statementMap":{"0":{"start":{"line":1,"column":24},"end":{"line":1,"column":49}},"1":{"start":{"line":2,"column":17},"end":{"line":2,"column":37}},"2":{"start":{"line":5,"column":2},"end":{"line":5,"column":64}},"3":{"start":{"line":6,"column":2},"end":{"line":39,"column":3}},"4":{"start":{"line":7,"column":30},"end":{"line":7,"column":41}},"5":{"start":{"line":9,"column":4},"end":{"line":11,"column":5}},"6":{"start":{"line":10,"column":6},"end":{"line":10,"column":63}},"7":{"start":{"line":13,"column":21},"end":{"line":13,"column":45}},"8":{"start":{"line":14,"column":22},"end":{"line":14,"column":33}},"9":{"start":{"line":15,"column":23},"end":{"line":15,"column":34}},"10":{"start":{"line":17,"column":4},"end":{"line":19,"column":5}},"11":{"start":{"line":18,"column":6},"end":{"line":18,"column":63}},"12":{"start":{"line":21,"column":19},"end":{"line":21,"column":42}},"13":{"start":{"line":23,"column":4},"end":{"line":23,"column":24}},"14":{"start":{"line":25,"column":17},"end":{"line":25,"column":47}},"15":{"start":{"line":27,"column":4},"end":{"line":29,"column":5}},"16":{"start":{"line":28,"column":6},"end":{"line":28,"column":63}},"17":{"start":{"line":31,"column":4},"end":{"line":34,"column":5}},"18":{"start":{"line":36,"column":4},"end":{"line":36,"column":10}},"19":{"start":{"line":38,"column":4},"end":{"line":38,"column":15}},"20":{"start":{"line":42,"column":0},"end":{"line":42,"column":32}}},"fnMap":{"0":{"name":"authentication","decl":{"start":{"line":4,"column":15},"end":{"line":4,"column":29}},"loc":{"start":{"line":4,"column":46},"end":{"line":40,"column":1}},"line":4}},"branchMap":{"0":{"loc":{"start":{"line":9,"column":4},"end":{"line":11,"column":5}},"type":"if","locations":[{"start":{"line":9,"column":4},"end":{"line":11,"column":5}},{"start":{},"end":{}}],"line":9},"1":{"loc":{"start":{"line":17,"column":4},"end":{"line":19,"column":5}},"type":"if","locations":[{"start":{"line":17,"column":4},"end":{"line":19,"column":5}},{"start":{},"end":{}}],"line":17},"2":{"loc":{"start":{"line":17,"column":8},"end":{"line":17,"column":45}},"type":"binary-expr","locations":[{"start":{"line":17,"column":8},"end":{"line":17,"column":30}},{"start":{"line":17,"column":34},"end":{"line":17,"column":45}}],"line":17},"3":{"loc":{"start":{"line":27,"column":4},"end":{"line":29,"column":5}},"type":"if","locations":[{"start":{"line":27,"column":4},"end":{"line":29,"column":5}},{"start":{},"end":{}}],"line":27}},"s":{"0":6,"1":6,"2":36,"3":36,"4":36,"5":36,"6":5,"7":31,"8":31,"9":31,"10":31,"11":0,"12":31,"13":28,"14":28,"15":28,"16":1,"17":27,"18":27,"19":9,"20":6},"f":{"0":36},"b":{"0":[5,31],"1":[0,31],"2":[31,31],"3":[1,27]},"_coverageSchema":"1a1c01bbd47fc00a2c39e90264f33305004495a9","hash":"ce82f5759fda8d66e90d39d9e4d686e4fcebadf9"}
,"/Users/akbrbudikp/Documents/rmt-66/PHASE 2/WEEK 3/individual-project/IP-RMT66/server/helpers/gemini.js": {"path":"/Users/akbrbudikp/Documents/rmt-66/PHASE 2/WEEK 3/individual-project/IP-RMT66/server/helpers/gemini.js","statementMap":{"0":{"start":{"line":1,"column":24},"end":{"line":1,"column":48}},"1":{"start":{"line":2,"column":11},"end":{"line":2,"column":24}},"2":{"start":{"line":3,"column":13},"end":{"line":3,"column":28}},"3":{"start":{"line":4,"column":19},"end":{"line":4,"column":43}},"4":{"start":{"line":6,"column":0},"end":{"line":10,"column":3}},"5":{"start":{"line":12,"column":11},"end":{"line":12,"column":66}},"6":{"start":{"line":16,"column":20},"end":{"line":17,"column":51}},"7":{"start":{"line":17,"column":28},"end":{"line":17,"column":50}},"8":{"start":{"line":19,"column":4},"end":{"line":22,"column":6}},"9":{"start":{"line":26,"column":4},"end":{"line":125,"column":5}},"10":{"start":{"line":27,"column":23},"end":{"line":35,"column":9}},"11":{"start":{"line":37,"column":23},"end":{"line":74,"column":25}},"12":{"start":{"line":76,"column":24},"end":{"line":76,"column":80}},"13":{"start":{"line":77,"column":24},"end":{"line":77,"column":78}},"14":{"start":{"line":78,"column":24},"end":{"line":78,"column":66}},"15":{"start":{"line":79,"column":24},"end":{"line":79,"column":66}},"16":{"start":{"line":80,"column":24},"end":{"line":80,"column":78}},"17":{"start":{"line":83,"column":25},"end":{"line":97,"column":10}},"18":{"start":{"line":99,"column":26},"end":{"line":99,"column":92}},"19":{"start":{"line":99,"column":76},"end":{"line":99,"column":91}},"20":{"start":{"line":101,"column":8},"end":{"line":101,"column":51}},"21":{"start":{"line":103,"column":8},"end":{"line":105,"column":9}},"22":{"start":{"line":104,"column":12},"end":{"line":104,"column":64}},"23":{"start":{"line":107,"column":26},"end":{"line":107,"column":51}},"24":{"start":{"line":108,"column":23},"end":{"line":108,"column":55}},"25":{"start":{"line":110,"column":29},"end":{"line":110,"column":88}},"26":{"start":{"line":111,"column":8},"end":{"line":111,"column":47}},"27":{"start":{"line":113,"column":29},"end":{"line":115,"column":10}},"28":{"start":{"line":117,"column":8},"end":{"line":117,"column":36}},"29":{"start":{"line":119,"column":31},"end":{"line":119,"column":54}},"30":{"start":{"line":120,"column":8},"end":{"line":120,"column":65}},"31":{"start":{"line":121,"column":8},"end":{"line":121,"column":30}},"32":{"start":{"line":123,"column":8},"end":{"line":123,"column":27}},"33":{"start":{"line":124,"column":8},"end":{"line":124,"column":19}},"34":{"start":{"line":128,"column":0},"end":{"line":128,"column":33}}},"fnMap":{"0":{"name":"fileToGenerativePart","decl":{"start":{"line":14,"column":15},"end":{"line":14,"column":35}},"loc":{"start":{"line":14,"column":41},"end":{"line":23,"column":1}},"line":14},"1":{"name":"(anonymous_1)","decl":{"start":{"line":17,"column":14},"end":{"line":17,"column":15}},"loc":{"start":{"line":17,"column":28},"end":{"line":17,"column":50}},"line":17},"2":{"name":"virtualTryOn","decl":{"start":{"line":25,"column":15},"end":{"line":25,"column":27}},"loc":{"start":{"line":25,"column":87},"end":{"line":126,"column":1}},"line":25},"3":{"name":"(anonymous_3)","decl":{"start":{"line":99,"column":68},"end":{"line":99,"column":69}},"loc":{"start":{"line":99,"column":76},"end":{"line":99,"column":91}},"line":99}},"branchMap":{"0":{"loc":{"start":{"line":103,"column":8},"end":{"line":105,"column":9}},"type":"if","locations":[{"start":{"line":103,"column":8},"end":{"line":105,"column":9}},{"start":{},"end":{}}],"line":103}},"s":{"0":3,"1":3,"2":3,"3":3,"4":3,"5":3,"6":6,"7":6,"8":6,"9":3,"10":3,"11":3,"12":3,"13":3,"14":3,"15":3,"16":3,"17":3,"18":2,"19":2,"20":2,"21":2,"22":1,"23":1,"24":1,"25":1,"26":1,"27":1,"28":1,"29":1,"30":1,"31":1,"32":2,"33":2,"34":3},"f":{"0":6,"1":6,"2":3,"3":2},"b":{"0":[1,1]},"_coverageSchema":"1a1c01bbd47fc00a2c39e90264f33305004495a9","hash":"a0b797f3f36b6c3cf767942b1d3f71345790a939"}
,"/Users/akbrbudikp/Documents/rmt-66/PHASE 2/WEEK 3/individual-project/IP-RMT66/server/helpers/jwt.js": {"path":"/Users/akbrbudikp/Documents/rmt-66/PHASE 2/WEEK 3/individual-project/IP-RMT66/server/helpers/jwt.js","statementMap":{"0":{"start":{"line":1,"column":12},"end":{"line":1,"column":35}},"1":{"start":{"line":2,"column":19},"end":{"line":2,"column":41}},"2":{"start":{"line":4,"column":18},"end":{"line":6,"column":1}},"3":{"start":{"line":5,"column":4},"end":{"line":5,"column":40}},"4":{"start":{"line":8,"column":20},"end":{"line":10,"column":1}},"5":{"start":{"line":9,"column":4},"end":{"line":9,"column":40}},"6":{"start":{"line":12,"column":0},"end":{"line":12,"column":43}}},"fnMap":{"0":{"name":"(anonymous_0)","decl":{"start":{"line":4,"column":18},"end":{"line":4,"column":19}},"loc":{"start":{"line":4,"column":31},"end":{"line":6,"column":1}},"line":4},"1":{"name":"(anonymous_1)","decl":{"start":{"line":8,"column":20},"end":{"line":8,"column":21}},"loc":{"start":{"line":8,"column":31},"end":{"line":10,"column":1}},"line":8}},"branchMap":{},"s":{"0":6,"1":6,"2":6,"3":7,"4":6,"5":31,"6":6},"f":{"0":7,"1":31},"b":{},"_coverageSchema":"1a1c01bbd47fc00a2c39e90264f33305004495a9","hash":"32be2b8536bf389104a3d2020ac2424c9f71c5d1"}
,"/Users/akbrbudikp/Documents/rmt-66/PHASE 2/WEEK 3/individual-project/IP-RMT66/server/middlewares/errorHandler.js": {"path":"/Users/akbrbudikp/Documents/rmt-66/PHASE 2/WEEK 3/individual-project/IP-RMT66/server/middlewares/errorHandler.js","statementMap":{"0":{"start":{"line":2,"column":4},"end":{"line":2,"column":39}},"1":{"start":{"line":3,"column":4},"end":{"line":3,"column":20}},"2":{"start":{"line":4,"column":4},"end":{"line":4,"column":39}},"3":{"start":{"line":5,"column":4},"end":{"line":8,"column":5}},"4":{"start":{"line":6,"column":8},"end":{"line":6,"column":54}},"5":{"start":{"line":7,"column":8},"end":{"line":7,"column":14}},"6":{"start":{"line":10,"column":4},"end":{"line":13,"column":9}},"7":{"start":{"line":11,"column":8},"end":{"line":11,"column":64}},"8":{"start":{"line":12,"column":8},"end":{"line":12,"column":14}},"9":{"start":{"line":15,"column":4},"end":{"line":18,"column":5}},"10":{"start":{"line":16,"column":8},"end":{"line":16,"column":58}},"11":{"start":{"line":17,"column":8},"end":{"line":17,"column":14}},"12":{"start":{"line":20,"column":4},"end":{"line":23,"column":5}},"13":{"start":{"line":21,"column":8},"end":{"line":21,"column":54}},"14":{"start":{"line":22,"column":8},"end":{"line":22,"column":14}},"15":{"start":{"line":25,"column":4},"end":{"line":28,"column":5}},"16":{"start":{"line":26,"column":8},"end":{"line":26,"column":54}},"17":{"start":{"line":27,"column":8},"end":{"line":27,"column":14}},"18":{"start":{"line":30,"column":4},"end":{"line":33,"column":5}},"19":{"start":{"line":31,"column":8},"end":{"line":31,"column":54}},"20":{"start":{"line":32,"column":8},"end":{"line":32,"column":14}},"21":{"start":{"line":35,"column":4},"end":{"line":37,"column":5}},"22":{"start":{"line":36,"column":8},"end":{"line":36,"column":64}},"23":{"start":{"line":39,"column":4},"end":{"line":39,"column":61}},"24":{"start":{"line":42,"column":0},"end":{"line":42,"column":29}}},"fnMap":{"0":{"name":"errorHandler","decl":{"start":{"line":1,"column":9},"end":{"line":1,"column":21}},"loc":{"start":{"line":1,"column":43},"end":{"line":40,"column":1}},"line":1}},"branchMap":{"0":{"loc":{"start":{"line":5,"column":4},"end":{"line":8,"column":5}},"type":"if","locations":[{"start":{"line":5,"column":4},"end":{"line":8,"column":5}},{"start":{},"end":{}}],"line":5},"1":{"loc":{"start":{"line":10,"column":4},"end":{"line":13,"column":9}},"type":"if","locations":[{"start":{"line":10,"column":4},"end":{"line":13,"column":9}},{"start":{},"end":{}}],"line":10},"2":{"loc":{"start":{"line":10,"column":8},"end":{"line":10,"column":96}},"type":"binary-expr","locations":[{"start":{"line":10,"column":8},"end":{"line":10,"column":47}},{"start":{"line":10,"column":51},"end":{"line":10,"column":96}}],"line":10},"3":{"loc":{"start":{"line":15,"column":4},"end":{"line":18,"column":5}},"type":"if","locations":[{"start":{"line":15,"column":4},"end":{"line":18,"column":5}},{"start":{},"end":{}}],"line":15},"4":{"loc":{"start":{"line":20,"column":4},"end":{"line":23,"column":5}},"type":"if","locations":[{"start":{"line":20,"column":4},"end":{"line":23,"column":5}},{"start":{},"end":{}}],"line":20},"5":{"loc":{"start":{"line":25,"column":4},"end":{"line":28,"column":5}},"type":"if","locations":[{"start":{"line":25,"column":4},"end":{"line":28,"column":5}},{"start":{},"end":{}}],"line":25},"6":{"loc":{"start":{"line":30,"column":4},"end":{"line":33,"column":5}},"type":"if","locations":[{"start":{"line":30,"column":4},"end":{"line":33,"column":5}},{"start":{},"end":{}}],"line":30},"7":{"loc":{"start":{"line":35,"column":4},"end":{"line":37,"column":5}},"type":"if","locations":[{"start":{"line":35,"column":4},"end":{"line":37,"column":5}},{"start":{},"end":{}}],"line":35}},"s":{"0":26,"1":26,"2":26,"3":26,"4":8,"5":8,"6":18,"7":5,"8":5,"9":13,"10":3,"11":3,"12":10,"13":1,"14":1,"15":9,"16":3,"17":3,"18":6,"19":5,"20":5,"21":1,"22":1,"23":1,"24":6},"f":{"0":26},"b":{"0":[8,18],"1":[5,13],"2":[18,15],"3":[3,10],"4":[1,9],"5":[3,6],"6":[5,1],"7":[1,0]},"_coverageSchema":"1a1c01bbd47fc00a2c39e90264f33305004495a9","hash":"12740954b4c0cb50fe137d6c6bb45a5ee5013001"}
,"/Users/akbrbudikp/Documents/rmt-66/PHASE 2/WEEK 3/individual-project/IP-RMT66/server/models/cart.js": {"path":"/Users/akbrbudikp/Documents/rmt-66/PHASE 2/WEEK 3/individual-project/IP-RMT66/server/models/cart.js","statementMap":{"0":{"start":{"line":4,"column":4},"end":{"line":4,"column":24}},"1":{"start":{"line":5,"column":0},"end":{"line":29,"column":2}},"2":{"start":{"line":14,"column":6},"end":{"line":14,"column":72}},"3":{"start":{"line":15,"column":6},"end":{"line":15,"column":75}},"4":{"start":{"line":18,"column":2},"end":{"line":27,"column":5}},"5":{"start":{"line":28,"column":2},"end":{"line":28,"column":14}}},"fnMap":{"0":{"name":"(anonymous_0)","decl":{"start":{"line":5,"column":17},"end":{"line":5,"column":18}},"loc":{"start":{"line":5,"column":43},"end":{"line":29,"column":1}},"line":5},"1":{"name":"(anonymous_1)","decl":{"start":{"line":12,"column":4},"end":{"line":12,"column":5}},"loc":{"start":{"line":12,"column":29},"end":{"line":16,"column":5}},"line":12}},"branchMap":{},"s":{"0":7,"1":7,"2":7,"3":7,"4":7,"5":7},"f":{"0":7,"1":7},"b":{},"_coverageSchema":"1a1c01bbd47fc00a2c39e90264f33305004495a9","hash":"144fb9e63a66664f97c324f9f1b821898c757a46"}
,"/Users/akbrbudikp/Documents/rmt-66/PHASE 2/WEEK 3/individual-project/IP-RMT66/server/models/cartitem.js": {"path":"/Users/akbrbudikp/Documents/rmt-66/PHASE 2/WEEK 3/individual-project/IP-RMT66/server/models/cartitem.js","statementMap":{"0":{"start":{"line":4,"column":4},"end":{"line":4,"column":24}},"1":{"start":{"line":5,"column":0},"end":{"line":37,"column":2}},"2":{"start":{"line":14,"column":6},"end":{"line":14,"column":64}},"3":{"start":{"line":15,"column":6},"end":{"line":15,"column":85}},"4":{"start":{"line":18,"column":2},"end":{"line":35,"column":5}},"5":{"start":{"line":36,"column":2},"end":{"line":36,"column":18}}},"fnMap":{"0":{"name":"(anonymous_0)","decl":{"start":{"line":5,"column":17},"end":{"line":5,"column":18}},"loc":{"start":{"line":5,"column":43},"end":{"line":37,"column":1}},"line":5},"1":{"name":"(anonymous_1)","decl":{"start":{"line":12,"column":4},"end":{"line":12,"column":5}},"loc":{"start":{"line":12,"column":29},"end":{"line":16,"column":5}},"line":12}},"branchMap":{},"s":{"0":7,"1":7,"2":7,"3":7,"4":7,"5":7},"f":{"0":7,"1":7},"b":{},"_coverageSchema":"1a1c01bbd47fc00a2c39e90264f33305004495a9","hash":"7c88d91bab04f0ffd8993bfad5cf45592f852246"}
,"/Users/akbrbudikp/Documents/rmt-66/PHASE 2/WEEK 3/individual-project/IP-RMT66/server/models/category.js": {"path":"/Users/akbrbudikp/Documents/rmt-66/PHASE 2/WEEK 3/individual-project/IP-RMT66/server/models/category.js","statementMap":{"0":{"start":{"line":4,"column":4},"end":{"line":4,"column":24}},"1":{"start":{"line":7,"column":2},"end":{"line":7,"column":71}},"2":{"start":{"line":10,"column":0},"end":{"line":50,"column":2}},"3":{"start":{"line":19,"column":6},"end":{"line":19,"column":85}},"4":{"start":{"line":22,"column":2},"end":{"line":48,"column":5}},"5":{"start":{"line":43,"column":8},"end":{"line":45,"column":9}},"6":{"start":{"line":44,"column":10},"end":{"line":44,"column":54}},"7":{"start":{"line":49,"column":2},"end":{"line":49,"column":18}}},"fnMap":{"0":{"name":"generateSlug","decl":{"start":{"line":6,"column":9},"end":{"line":6,"column":21}},"loc":{"start":{"line":6,"column":28},"end":{"line":8,"column":1}},"line":6},"1":{"name":"(anonymous_1)","decl":{"start":{"line":10,"column":17},"end":{"line":10,"column":18}},"loc":{"start":{"line":10,"column":43},"end":{"line":50,"column":1}},"line":10},"2":{"name":"(anonymous_2)","decl":{"start":{"line":17,"column":4},"end":{"line":17,"column":5}},"loc":{"start":{"line":17,"column":29},"end":{"line":20,"column":5}},"line":17},"3":{"name":"(anonymous_3)","decl":{"start":{"line":42,"column":22},"end":{"line":42,"column":23}},"loc":{"start":{"line":42,"column":36},"end":{"line":46,"column":7}},"line":42}},"branchMap":{"0":{"loc":{"start":{"line":43,"column":8},"end":{"line":45,"column":9}},"type":"if","locations":[{"start":{"line":43,"column":8},"end":{"line":45,"column":9}},{"start":{},"end":{}}],"line":43},"1":{"loc":{"start":{"line":43,"column":12},"end":{"line":43,"column":49}},"type":"binary-expr","locations":[{"start":{"line":43,"column":12},"end":{"line":43,"column":32}},{"start":{"line":43,"column":36},"end":{"line":43,"column":49}}],"line":43}},"s":{"0":7,"1":2,"2":7,"3":7,"4":7,"5":3,"6":2,"7":7},"f":{"0":2,"1":7,"2":7,"3":3},"b":{"0":[2,1],"1":[3,3]},"_coverageSchema":"1a1c01bbd47fc00a2c39e90264f33305004495a9","hash":"eb0ee9a4b64077fc9972957815cab5a8cd74b1e8"}
,"/Users/akbrbudikp/Documents/rmt-66/PHASE 2/WEEK 3/individual-project/IP-RMT66/server/models/index.js": {"path":"/Users/akbrbudikp/Documents/rmt-66/PHASE 2/WEEK 3/individual-project/IP-RMT66/server/models/index.js","statementMap":{"0":{"start":{"line":3,"column":11},"end":{"line":3,"column":24}},"1":{"start":{"line":4,"column":13},"end":{"line":4,"column":28}},"2":{"start":{"line":5,"column":18},"end":{"line":5,"column":38}},"3":{"start":{"line":6,"column":16},"end":{"line":6,"column":34}},"4":{"start":{"line":7,"column":17},"end":{"line":7,"column":42}},"5":{"start":{"line":8,"column":12},"end":{"line":8,"column":49}},"6":{"start":{"line":9,"column":15},"end":{"line":9,"column":65}},"7":{"start":{"line":10,"column":11},"end":{"line":10,"column":13}},"8":{"start":{"line":13,"column":0},"end":{"line":17,"column":1}},"9":{"start":{"line":14,"column":2},"end":{"line":14,"column":74}},"10":{"start":{"line":16,"column":2},"end":{"line":16,"column":87}},"11":{"start":{"line":19,"column":0},"end":{"line":32,"column":5}},"12":{"start":{"line":22,"column":4},"end":{"line":27,"column":6}},"13":{"start":{"line":30,"column":18},"end":{"line":30,"column":85}},"14":{"start":{"line":31,"column":4},"end":{"line":31,"column":27}},"15":{"start":{"line":34,"column":0},"end":{"line":38,"column":3}},"16":{"start":{"line":35,"column":2},"end":{"line":37,"column":3}},"17":{"start":{"line":36,"column":4},"end":{"line":36,"column":32}},"18":{"start":{"line":40,"column":0},"end":{"line":40,"column":25}},"19":{"start":{"line":41,"column":0},"end":{"line":41,"column":25}},"20":{"start":{"line":43,"column":0},"end":{"line":43,"column":20}}},"fnMap":{"0":{"name":"(anonymous_0)","decl":{"start":{"line":21,"column":10},"end":{"line":21,"column":11}},"loc":{"start":{"line":21,"column":18},"end":{"line":28,"column":3}},"line":21},"1":{"name":"(anonymous_1)","decl":{"start":{"line":29,"column":11},"end":{"line":29,"column":12}},"loc":{"start":{"line":29,"column":19},"end":{"line":32,"column":3}},"line":29},"2":{"name":"(anonymous_2)","decl":{"start":{"line":34,"column":24},"end":{"line":34,"column":25}},"loc":{"start":{"line":34,"column":37},"end":{"line":38,"column":1}},"line":34}},"branchMap":{"0":{"loc":{"start":{"line":8,"column":12},"end":{"line":8,"column":49}},"type":"binary-expr","locations":[{"start":{"line":8,"column":12},"end":{"line":8,"column":32}},{"start":{"line":8,"column":36},"end":{"line":8,"column":49}}],"line":8},"1":{"loc":{"start":{"line":13,"column":0},"end":{"line":17,"column":1}},"type":"if","locations":[{"start":{"line":13,"column":0},"end":{"line":17,"column":1}},{"start":{"line":15,"column":7},"end":{"line":17,"column":1}}],"line":13},"2":{"loc":{"start":{"line":23,"column":6},"end":{"line":26,"column":37}},"type":"binary-expr","locations":[{"start":{"line":23,"column":6},"end":{"line":23,"column":29}},{"start":{"line":24,"column":6},"end":{"line":24,"column":23}},{"start":{"line":25,"column":6},"end":{"line":25,"column":30}},{"start":{"line":26,"column":6},"end":{"line":26,"column":37}}],"line":23},"3":{"loc":{"start":{"line":35,"column":2},"end":{"line":37,"column":3}},"type":"if","locations":[{"start":{"line":35,"column":2},"end":{"line":37,"column":3}},{"start":{},"end":{}}],"line":35}},"s":{"0":7,"1":7,"2":7,"3":7,"4":7,"5":7,"6":7,"7":7,"8":7,"9":0,"10":7,"11":7,"12":56,"13":49,"14":49,"15":7,"16":49,"17":49,"18":7,"19":7,"20":7},"f":{"0":56,"1":49,"2":49},"b":{"0":[7,0],"1":[0,7],"2":[56,56,49,49],"3":[49,0]},"_coverageSchema":"1a1c01bbd47fc00a2c39e90264f33305004495a9","hash":"163f3b6ad1d7026d2bb50f2752969ab4919c043d"}
,"/Users/akbrbudikp/Documents/rmt-66/PHASE 2/WEEK 3/individual-project/IP-RMT66/server/models/order.js": {"path":"/Users/akbrbudikp/Documents/rmt-66/PHASE 2/WEEK 3/individual-project/IP-RMT66/server/models/order.js","statementMap":{"0":{"start":{"line":4,"column":4},"end":{"line":4,"column":24}},"1":{"start":{"line":5,"column":0},"end":{"line":52,"column":2}},"2":{"start":{"line":14,"column":6},"end":{"line":14,"column":73}},"3":{"start":{"line":15,"column":6},"end":{"line":15,"column":78}},"4":{"start":{"line":18,"column":2},"end":{"line":50,"column":5}},"5":{"start":{"line":51,"column":2},"end":{"line":51,"column":15}}},"fnMap":{"0":{"name":"(anonymous_0)","decl":{"start":{"line":5,"column":17},"end":{"line":5,"column":18}},"loc":{"start":{"line":5,"column":43},"end":{"line":52,"column":1}},"line":5},"1":{"name":"(anonymous_1)","decl":{"start":{"line":12,"column":4},"end":{"line":12,"column":5}},"loc":{"start":{"line":12,"column":29},"end":{"line":16,"column":5}},"line":12}},"branchMap":{},"s":{"0":7,"1":7,"2":7,"3":7,"4":7,"5":7},"f":{"0":7,"1":7},"b":{},"_coverageSchema":"1a1c01bbd47fc00a2c39e90264f33305004495a9","hash":"7da245603f437e3228bbc9c52a629847a77816a8"}
,"/Users/akbrbudikp/Documents/rmt-66/PHASE 2/WEEK 3/individual-project/IP-RMT66/server/models/orderitem.js": {"path":"/Users/akbrbudikp/Documents/rmt-66/PHASE 2/WEEK 3/individual-project/IP-RMT66/server/models/orderitem.js","statementMap":{"0":{"start":{"line":4,"column":4},"end":{"line":4,"column":24}},"1":{"start":{"line":5,"column":0},"end":{"line":47,"column":2}},"2":{"start":{"line":14,"column":6},"end":{"line":14,"column":67}},"3":{"start":{"line":15,"column":6},"end":{"line":15,"column":86}},"4":{"start":{"line":18,"column":2},"end":{"line":45,"column":5}},"5":{"start":{"line":46,"column":2},"end":{"line":46,"column":19}}},"fnMap":{"0":{"name":"(anonymous_0)","decl":{"start":{"line":5,"column":17},"end":{"line":5,"column":18}},"loc":{"start":{"line":5,"column":43},"end":{"line":47,"column":1}},"line":5},"1":{"name":"(anonymous_1)","decl":{"start":{"line":12,"column":4},"end":{"line":12,"column":5}},"loc":{"start":{"line":12,"column":29},"end":{"line":16,"column":5}},"line":12}},"branchMap":{},"s":{"0":7,"1":7,"2":7,"3":7,"4":7,"5":7},"f":{"0":7,"1":7},"b":{},"_coverageSchema":"1a1c01bbd47fc00a2c39e90264f33305004495a9","hash":"56ac22494a3720453d6939e7f787ba1dfd346872"}
,"/Users/akbrbudikp/Documents/rmt-66/PHASE 2/WEEK 3/individual-project/IP-RMT66/server/models/product.js": {"path":"/Users/akbrbudikp/Documents/rmt-66/PHASE 2/WEEK 3/individual-project/IP-RMT66/server/models/product.js","statementMap":{"0":{"start":{"line":4,"column":4},"end":{"line":4,"column":24}},"1":{"start":{"line":6,"column":27},"end":{"line":6,"column":44}},"2":{"start":{"line":7,"column":15},"end":{"line":7,"column":72}},"3":{"start":{"line":9,"column":0},"end":{"line":93,"column":2}},"4":{"start":{"line":18,"column":6},"end":{"line":18,"column":87}},"5":{"start":{"line":21,"column":2},"end":{"line":91,"column":5}},"6":{"start":{"line":81,"column":8},"end":{"line":81,"column":59}},"7":{"start":{"line":82,"column":8},"end":{"line":82,"column":59}},"8":{"start":{"line":83,"column":8},"end":{"line":83,"column":51}},"9":{"start":{"line":85,"column":8},"end":{"line":88,"column":9}},"10":{"start":{"line":86,"column":29},"end":{"line":86,"column":71}},"11":{"start":{"line":87,"column":10},"end":{"line":87,"column":52}},"12":{"start":{"line":92,"column":2},"end":{"line":92,"column":17}}},"fnMap":{"0":{"name":"(anonymous_0)","decl":{"start":{"line":9,"column":17},"end":{"line":9,"column":18}},"loc":{"start":{"line":9,"column":43},"end":{"line":93,"column":1}},"line":9},"1":{"name":"(anonymous_1)","decl":{"start":{"line":16,"column":4},"end":{"line":16,"column":5}},"loc":{"start":{"line":16,"column":29},"end":{"line":19,"column":5}},"line":16},"2":{"name":"(anonymous_2)","decl":{"start":{"line":80,"column":22},"end":{"line":80,"column":23}},"loc":{"start":{"line":80,"column":44},"end":{"line":89,"column":7}},"line":80}},"branchMap":{"0":{"loc":{"start":{"line":85,"column":8},"end":{"line":88,"column":9}},"type":"if","locations":[{"start":{"line":85,"column":8},"end":{"line":88,"column":9}},{"start":{},"end":{}}],"line":85},"1":{"loc":{"start":{"line":85,"column":12},"end":{"line":85,"column":63}},"type":"binary-expr","locations":[{"start":{"line":85,"column":12},"end":{"line":85,"column":31}},{"start":{"line":85,"column":35},"end":{"line":85,"column":47}},{"start":{"line":85,"column":51},"end":{"line":85,"column":63}}],"line":85}},"s":{"0":7,"1":7,"2":7,"3":7,"4":7,"5":7,"6":10,"7":10,"8":10,"9":10,"10":3,"11":3,"12":7},"f":{"0":7,"1":7,"2":10},"b":{"0":[3,7],"1":[10,8,8]},"_coverageSchema":"1a1c01bbd47fc00a2c39e90264f33305004495a9","hash":"38aa541e0bd07b4c374fe3f26fc7fdb0dc5fc8d0"}
,"/Users/akbrbudikp/Documents/rmt-66/PHASE 2/WEEK 3/individual-project/IP-RMT66/server/models/user.js": {"path":"/Users/akbrbudikp/Documents/rmt-66/PHASE 2/WEEK 3/individual-project/IP-RMT66/server/models/user.js","statementMap":{"0":{"start":{"line":2,"column":15},"end":{"line":2,"column":32}},"1":{"start":{"line":5,"column":4},"end":{"line":5,"column":24}},"2":{"start":{"line":6,"column":0},"end":{"line":64,"column":2}},"3":{"start":{"line":15,"column":6},"end":{"line":15,"column":69}},"4":{"start":{"line":16,"column":6},"end":{"line":16,"column":73}},"5":{"start":{"line":19,"column":2},"end":{"line":62,"column":5}},"6":{"start":{"line":59,"column":8},"end":{"line":59,"column":58}},"7":{"start":{"line":63,"column":2},"end":{"line":63,"column":14}}},"fnMap":{"0":{"name":"(anonymous_0)","decl":{"start":{"line":6,"column":17},"end":{"line":6,"column":18}},"loc":{"start":{"line":6,"column":43},"end":{"line":64,"column":1}},"line":6},"1":{"name":"(anonymous_1)","decl":{"start":{"line":13,"column":4},"end":{"line":13,"column":5}},"loc":{"start":{"line":13,"column":29},"end":{"line":17,"column":5}},"line":13},"2":{"name":"(anonymous_2)","decl":{"start":{"line":58,"column":20},"end":{"line":58,"column":21}},"loc":{"start":{"line":58,"column":36},"end":{"line":60,"column":7}},"line":58}},"branchMap":{},"s":{"0":7,"1":7,"2":7,"3":7,"4":7,"5":7,"6":6,"7":7},"f":{"0":7,"1":7,"2":6},"b":{},"_coverageSchema":"1a1c01bbd47fc00a2c39e90264f33305004495a9","hash":"7032019c4f5ae7f5ed104d97eed0dd705a66ef09"}
}
