TN:
SF:app.js
FN:19,(anonymous_0)
FN:48,(anonymous_1)
FNF:2
FNH:0
FNDA:0,(anonymous_0)
FNDA:0,(anonymous_1)
DA:1,3
DA:3,3
DA:4,3
DA:5,3
DA:6,3
DA:7,3
DA:8,3
DA:9,3
DA:10,3
DA:11,3
DA:12,3
DA:13,3
DA:14,3
DA:16,3
DA:17,3
DA:19,3
DA:20,0
DA:24,3
DA:25,3
DA:28,3
DA:29,3
DA:31,3
DA:34,3
DA:35,3
DA:36,3
DA:38,3
DA:39,3
DA:40,3
DA:42,3
DA:43,3
DA:45,3
DA:47,3
DA:48,0
DA:49,0
DA:53,3
LF:35
LH:32
BRDA:47,0,0,0
BRDA:47,0,1,3
BRF:2
BRH:1
end_of_record
TN:
SF:controllers/CartsController.js
FN:4,(anonymous_0)
FN:36,(anonymous_1)
FN:62,(anonymous_2)
FNF:3
FNH:3
FNDA:7,(anonymous_0)
FNDA:2,(anonymous_1)
FNDA:1,(anonymous_2)
DA:1,3
DA:5,7
DA:6,7
DA:7,7
DA:9,7
DA:11,7
DA:18,7
DA:19,1
DA:20,1
DA:23,6
DA:30,7
DA:32,0
DA:37,2
DA:38,2
DA:40,2
DA:52,2
DA:53,1
DA:56,1
DA:58,0
DA:63,1
DA:64,1
DA:65,1
DA:67,1
DA:68,1
DA:70,1
DA:71,0
DA:74,1
DA:75,0
DA:78,1
DA:80,1
DA:82,0
DA:87,3
LF:32
LH:27
BRDA:18,0,0,1
BRDA:18,0,1,6
BRDA:52,1,0,1
BRDA:52,1,1,1
BRDA:70,2,0,0
BRDA:70,2,1,1
BRDA:74,3,0,0
BRDA:74,3,1,1
BRDA:74,4,0,1
BRDA:74,4,1,1
BRF:10
BRH:8
end_of_record
TN:
SF:controllers/OrdersController.js
FN:5,(anonymous_0)
FN:35,(anonymous_1)
FN:46,(anonymous_2)
FN:77,(anonymous_3)
FNF:4
FNH:4
FNDA:5,(anonymous_0)
FNDA:2,(anonymous_1)
FNDA:2,(anonymous_2)
FNDA:1,(anonymous_3)
DA:1,3
DA:6,5
DA:8,5
DA:9,5
DA:10,5
DA:12,5
DA:13,1
DA:16,4
DA:25,4
DA:26,1
DA:29,3
DA:30,3
DA:31,1
DA:35,2
DA:36,2
DA:39,2
DA:46,2
DA:53,2
DA:55,2
DA:56,2
DA:62,2
DA:67,2
DA:69,2
DA:71,3
DA:72,3
DA:73,3
DA:78,1
DA:79,1
DA:81,1
DA:91,1
DA:93,0
DA:98,3
LF:32
LH:31
BRDA:12,0,0,1
BRDA:12,0,1,4
BRDA:25,1,0,1
BRDA:25,1,1,3
BRDA:25,2,0,4
BRDA:25,2,1,3
BRDA:25,2,2,3
BRDA:30,3,0,1
BRDA:30,3,1,2
BRF:9
BRH:9
end_of_record
TN:
SF:controllers/ProductController.js
FN:12,(anonymous_0)
FN:22,(anonymous_1)
FN:36,(anonymous_2)
FN:53,(anonymous_3)
FN:73,(anonymous_4)
FNF:5
FNH:5
FNDA:1,(anonymous_0)
FNDA:2,(anonymous_1)
FNDA:2,(anonymous_2)
FNDA:2,(anonymous_3)
FNDA:2,(anonymous_4)
DA:1,3
DA:2,3
DA:4,3
DA:13,1
DA:14,1
DA:16,1
DA:18,0
DA:23,2
DA:24,2
DA:26,2
DA:28,2
DA:30,1
DA:32,1
DA:37,2
DA:38,2
DA:39,2
DA:40,2
DA:41,2
DA:43,2
DA:45,1
DA:47,1
DA:48,1
DA:49,1
DA:54,2
DA:55,2
DA:57,2
DA:59,2
DA:60,1
DA:63,1
DA:65,1
DA:67,1
DA:69,1
DA:74,2
DA:75,2
DA:77,2
DA:79,2
DA:80,1
DA:83,1
DA:85,1
DA:87,1
DA:92,3
LF:41
LH:40
BRDA:28,0,0,1
BRDA:28,0,1,1
BRDA:59,1,0,1
BRDA:59,1,1,1
BRDA:79,2,0,1
BRDA:79,2,1,1
BRF:6
BRH:6
end_of_record
TN:
SF:controllers/UserController.js
FN:6,(anonymous_0)
FN:22,(anonymous_1)
FNF:2
FNH:2
FNDA:7,(anonymous_0)
FNDA:8,(anonymous_1)
DA:1,3
DA:2,3
DA:3,3
DA:7,7
DA:8,7
DA:10,7
DA:12,3
DA:18,4
DA:23,8
DA:24,8
DA:26,8
DA:27,7
DA:29,6
DA:31,6
DA:33,5
DA:35,5
DA:36,1
DA:39,4
DA:41,4
DA:43,4
DA:48,3
LF:21
LH:21
BRDA:26,0,0,1
BRDA:26,0,1,7
BRDA:27,1,0,1
BRDA:27,1,1,6
BRDA:31,2,0,1
BRDA:31,2,1,5
BRDA:35,3,0,1
BRDA:35,3,1,4
BRF:8
BRH:8
end_of_record
TN:
SF:helpers/adminOnly.js
FN:1,adminOnly
FNF:1
FNH:1
FNDA:7,adminOnly
DA:2,7
DA:3,7
DA:4,6
DA:6,1
DA:10,3
LF:5
LH:5
BRDA:3,0,0,6
BRDA:3,0,1,1
BRF:2
BRH:2
end_of_record
TN:
SF:helpers/authentication.js
FN:4,authentication
FNF:1
FNH:1
FNDA:25,authentication
DA:1,3
DA:2,3
DA:5,25
DA:6,25
DA:7,25
DA:9,25
DA:10,1
DA:13,24
DA:14,24
DA:15,24
DA:17,24
DA:18,0
DA:21,24
DA:23,23
DA:25,23
DA:27,23
DA:28,0
DA:31,23
DA:36,23
DA:38,2
DA:42,3
LF:21
LH:19
BRDA:9,0,0,1
BRDA:9,0,1,24
BRDA:17,1,0,0
BRDA:17,1,1,24
BRDA:17,2,0,24
BRDA:17,2,1,24
BRDA:27,3,0,0
BRDA:27,3,1,23
BRF:8
BRH:6
end_of_record
TN:
SF:helpers/jwt.js
FN:4,(anonymous_0)
FN:8,(anonymous_1)
FNF:2
FNH:2
FNDA:4,(anonymous_0)
FNDA:24,(anonymous_1)
DA:1,3
DA:2,3
DA:4,3
DA:5,4
DA:8,3
DA:9,24
DA:12,3
LF:7
LH:7
BRF:0
BRH:0
end_of_record
TN:
SF:middlewares/errorHandler.js
FN:1,errorHandler
FNF:1
FNH:1
FNDA:18,errorHandler
DA:2,18
DA:3,18
DA:4,18
DA:5,18
DA:6,3
DA:7,3
DA:10,15
DA:11,5
DA:12,5
DA:15,10
DA:16,1
DA:17,1
DA:20,9
DA:21,1
DA:22,1
DA:25,8
DA:26,3
DA:27,3
DA:30,5
DA:31,5
DA:32,5
DA:35,0
DA:38,3
LF:23
LH:22
BRDA:5,0,0,3
BRDA:5,0,1,15
BRDA:10,1,0,5
BRDA:10,1,1,10
BRDA:10,2,0,15
BRDA:10,2,1,12
BRDA:15,3,0,1
BRDA:15,3,1,9
BRDA:20,4,0,1
BRDA:20,4,1,8
BRDA:25,5,0,3
BRDA:25,5,1,5
BRDA:30,6,0,5
BRDA:30,6,1,0
BRF:14
BRH:13
end_of_record
TN:
SF:models/cart.js
FN:5,(anonymous_0)
FN:12,(anonymous_1)
FNF:2
FNH:2
FNDA:3,(anonymous_0)
FNDA:3,(anonymous_1)
DA:4,3
DA:5,3
DA:14,3
DA:15,3
DA:18,3
DA:28,3
LF:6
LH:6
BRF:0
BRH:0
end_of_record
TN:
SF:models/cartitem.js
FN:5,(anonymous_0)
FN:12,(anonymous_1)
FNF:2
FNH:2
FNDA:3,(anonymous_0)
FNDA:3,(anonymous_1)
DA:4,3
DA:5,3
DA:14,3
DA:15,3
DA:18,3
DA:36,3
LF:6
LH:6
BRF:0
BRH:0
end_of_record
TN:
SF:models/category.js
FN:6,generateSlug
FN:10,(anonymous_1)
FN:17,(anonymous_2)
FN:42,(anonymous_3)
FNF:4
FNH:2
FNDA:0,generateSlug
FNDA:3,(anonymous_1)
FNDA:3,(anonymous_2)
FNDA:0,(anonymous_3)
DA:4,3
DA:7,0
DA:10,3
DA:19,3
DA:22,3
DA:43,0
DA:44,0
DA:49,3
LF:8
LH:5
BRDA:43,0,0,0
BRDA:43,0,1,0
BRDA:43,1,0,0
BRDA:43,1,1,0
BRF:4
BRH:0
end_of_record
TN:
SF:models/index.js
FN:21,(anonymous_0)
FN:29,(anonymous_1)
FN:34,(anonymous_2)
FNF:3
FNH:3
FNDA:24,(anonymous_0)
FNDA:21,(anonymous_1)
FNDA:21,(anonymous_2)
DA:3,3
DA:4,3
DA:5,3
DA:6,3
DA:7,3
DA:8,3
DA:9,3
DA:10,3
DA:13,3
DA:14,0
DA:16,3
DA:19,3
DA:22,24
DA:30,21
DA:31,21
DA:34,3
DA:35,21
DA:36,21
DA:40,3
DA:41,3
DA:43,3
LF:21
LH:20
BRDA:8,0,0,3
BRDA:8,0,1,0
BRDA:13,1,0,0
BRDA:13,1,1,3
BRDA:23,2,0,24
BRDA:23,2,1,24
BRDA:23,2,2,21
BRDA:23,2,3,21
BRDA:35,3,0,21
BRDA:35,3,1,0
BRF:10
BRH:7
end_of_record
TN:
SF:models/order.js
FN:5,(anonymous_0)
FN:12,(anonymous_1)
FNF:2
FNH:2
FNDA:3,(anonymous_0)
FNDA:3,(anonymous_1)
DA:4,3
DA:5,3
DA:14,3
DA:15,3
DA:18,3
DA:51,3
LF:6
LH:6
BRF:0
BRH:0
end_of_record
TN:
SF:models/orderitem.js
FN:5,(anonymous_0)
FN:12,(anonymous_1)
FNF:2
FNH:2
FNDA:3,(anonymous_0)
FNDA:3,(anonymous_1)
DA:4,3
DA:5,3
DA:14,3
DA:15,3
DA:18,3
DA:46,3
LF:6
LH:6
BRF:0
BRH:0
end_of_record
TN:
SF:models/product.js
FN:9,(anonymous_0)
FN:16,(anonymous_1)
FN:80,(anonymous_2)
FNF:3
FNH:3
FNDA:3,(anonymous_0)
FNDA:3,(anonymous_1)
FNDA:6,(anonymous_2)
DA:4,3
DA:6,3
DA:7,3
DA:9,3
DA:18,3
DA:21,3
DA:81,6
DA:82,6
DA:83,6
DA:85,6
DA:86,1
DA:87,1
DA:92,3
LF:13
LH:13
BRDA:85,0,0,1
BRDA:85,0,1,5
BRDA:85,1,0,6
BRDA:85,1,1,4
BRDA:85,1,2,4
BRF:5
BRH:5
end_of_record
TN:
SF:models/user.js
FN:6,(anonymous_0)
FN:13,(anonymous_1)
FN:61,(anonymous_2)
FNF:3
FNH:3
FNDA:3,(anonymous_0)
FNDA:3,(anonymous_1)
FNDA:5,(anonymous_2)
DA:2,3
DA:5,3
DA:6,3
DA:15,3
DA:16,3
DA:19,3
DA:62,5
DA:66,3
LF:8
LH:8
BRF:0
BRH:0
end_of_record
