TN:
SF:app.js
FN:26,(anonymous_0)
FN:64,(anonymous_1)
FNF:2
FNH:1
FNDA:1,(anonymous_0)
FNDA:0,(anonymous_1)
DA:1,6
DA:2,6
DA:5,6
DA:6,6
DA:7,6
DA:8,6
DA:9,6
DA:10,6
DA:11,6
DA:12,6
DA:13,6
DA:14,6
DA:15,6
DA:16,6
DA:17,6
DA:19,6
DA:20,6
DA:21,6
DA:23,6
DA:24,6
DA:26,6
DA:27,1
DA:31,6
DA:32,6
DA:33,6
DA:36,6
DA:37,6
DA:39,6
DA:41,6
DA:43,6
DA:50,6
DA:51,6
DA:52,6
DA:54,6
DA:55,6
DA:56,6
DA:58,6
DA:59,6
DA:61,6
DA:63,6
DA:64,0
DA:65,0
DA:69,6
LF:43
LH:41
BRDA:1,0,0,6
BRDA:1,0,1,0
BRDA:17,1,0,6
BRDA:17,1,1,6
BRDA:63,2,0,0
BRDA:63,2,1,6
BRF:6
BRH:4
end_of_record
TN:
SF:controllers/CartController.js
FN:4,(anonymous_0)
FN:36,(anonymous_1)
FN:62,(anonymous_2)
FNF:3
FNH:3
FNDA:9,(anonymous_0)
FNDA:2,(anonymous_1)
FNDA:1,(anonymous_2)
DA:1,6
DA:5,9
DA:6,9
DA:7,9
DA:9,9
DA:11,9
DA:18,9
DA:19,1
DA:20,1
DA:23,8
DA:30,9
DA:32,0
DA:37,2
DA:38,2
DA:40,2
DA:52,2
DA:53,1
DA:56,1
DA:58,0
DA:63,1
DA:64,1
DA:65,1
DA:67,1
DA:69,1
DA:70,0
DA:73,1
DA:75,1
DA:76,0
DA:79,1
DA:81,1
DA:83,0
DA:88,6
LF:32
LH:27
BRDA:18,0,0,1
BRDA:18,0,1,8
BRDA:52,1,0,1
BRDA:52,1,1,1
BRDA:69,2,0,0
BRDA:69,2,1,1
BRDA:75,3,0,0
BRDA:75,3,1,1
BRDA:75,4,0,1
BRDA:75,4,1,1
BRF:10
BRH:8
end_of_record
TN:
SF:controllers/OrderController.js
FN:12,(anonymous_0)
FN:42,(anonymous_1)
FN:53,(anonymous_2)
FN:79,(anonymous_3)
FN:108,(anonymous_4)
FN:128,(anonymous_5)
FNF:6
FNH:6
FNDA:7,(anonymous_0)
FNDA:4,(anonymous_1)
FNDA:4,(anonymous_2)
FNDA:4,(anonymous_3)
FNDA:1,(anonymous_4)
FNDA:2,(anonymous_5)
DA:1,6
DA:2,6
DA:4,6
DA:13,7
DA:15,7
DA:16,7
DA:17,7
DA:19,7
DA:20,1
DA:23,6
DA:32,6
DA:33,1
DA:36,5
DA:37,5
DA:38,1
DA:42,4
DA:43,4
DA:46,4
DA:53,4
DA:60,4
DA:62,4
DA:63,4
DA:69,4
DA:74,4
DA:79,4
DA:92,4
DA:94,4
DA:96,4
DA:102,3
DA:103,3
DA:104,3
DA:109,1
DA:110,1
DA:112,1
DA:122,1
DA:124,0
DA:129,2
DA:130,2
DA:132,2
DA:133,2
DA:134,2
DA:136,2
DA:138,2
DA:140,2
DA:141,0
DA:144,2
DA:145,0
DA:148,2
DA:149,1
DA:150,1
DA:152,1
DA:153,1
DA:156,2
DA:159,0
DA:164,6
LF:55
LH:51
BRDA:19,0,0,1
BRDA:19,0,1,6
BRDA:32,1,0,1
BRDA:32,1,1,5
BRDA:32,2,0,6
BRDA:32,2,1,5
BRDA:32,2,2,5
BRDA:37,3,0,1
BRDA:37,3,1,4
BRDA:140,4,0,0
BRDA:140,4,1,2
BRDA:144,5,0,0
BRDA:144,5,1,2
BRDA:148,6,0,1
BRDA:148,6,1,1
BRDA:148,7,0,2
BRDA:148,7,1,2
BRDA:149,8,0,1
BRDA:149,8,1,0
BRDA:152,9,0,1
BRDA:152,9,1,0
BRDA:152,10,0,1
BRDA:152,10,1,1
BRDA:152,10,2,0
BRF:24
BRH:19
end_of_record
TN:
SF:controllers/ProductController.js
FN:14,(anonymous_0)
FN:24,(anonymous_1)
FN:38,(anonymous_2)
FN:55,(anonymous_3)
FN:75,(anonymous_4)
FN:93,(anonymous_5)
FNF:6
FNH:5
FNDA:2,(anonymous_0)
FNDA:2,(anonymous_1)
FNDA:2,(anonymous_2)
FNDA:2,(anonymous_3)
FNDA:2,(anonymous_4)
FNDA:0,(anonymous_5)
DA:1,6
DA:2,6
DA:3,6
DA:15,2
DA:16,2
DA:18,2
DA:20,0
DA:25,2
DA:26,2
DA:28,2
DA:30,2
DA:32,1
DA:34,1
DA:39,2
DA:40,2
DA:41,2
DA:42,2
DA:43,2
DA:45,2
DA:47,1
DA:49,1
DA:50,1
DA:51,1
DA:56,2
DA:57,2
DA:59,2
DA:61,2
DA:62,1
DA:65,1
DA:67,1
DA:69,1
DA:71,1
DA:76,2
DA:77,2
DA:79,2
DA:81,2
DA:82,1
DA:85,1
DA:87,1
DA:89,1
DA:94,0
DA:95,0
DA:96,0
DA:97,0
DA:98,0
DA:100,0
DA:108,0
DA:109,0
DA:112,0
DA:113,0
DA:116,0
DA:117,0
DA:118,0
DA:121,0
DA:122,0
DA:125,0
DA:129,0
DA:131,0
DA:133,0
DA:141,0
DA:142,0
DA:144,0
DA:149,0
DA:150,0
DA:152,0
DA:153,0
DA:154,0
DA:156,0
DA:163,6
LF:69
LH:40
BRDA:30,0,0,1
BRDA:30,0,1,1
BRDA:61,1,0,1
BRDA:61,1,1,1
BRDA:81,2,0,1
BRDA:81,2,1,1
BRDA:94,3,0,0
BRDA:94,3,1,0
BRDA:105,4,0,0
BRDA:105,4,1,0
BRDA:108,5,0,0
BRDA:108,5,1,0
BRDA:112,6,0,0
BRDA:112,6,1,0
BRDA:112,7,0,0
BRDA:112,7,1,0
BRDA:112,7,2,0
BRDA:117,8,0,0
BRDA:117,8,1,0
BRDA:121,9,0,0
BRDA:121,9,1,0
BRDA:152,10,0,0
BRDA:152,10,1,0
BRF:23
BRH:6
end_of_record
TN:
SF:controllers/UserController.js
FN:7,(anonymous_0)
FN:23,(anonymous_1)
FN:48,(anonymous_2)
FNF:3
FNH:3
FNDA:7,(anonymous_0)
FNDA:8,(anonymous_1)
FNDA:2,(anonymous_2)
DA:1,6
DA:2,6
DA:3,6
DA:4,6
DA:8,7
DA:9,7
DA:11,7
DA:13,3
DA:19,4
DA:24,8
DA:25,8
DA:27,8
DA:28,7
DA:30,6
DA:32,6
DA:34,5
DA:36,5
DA:37,1
DA:40,4
DA:42,4
DA:44,4
DA:49,2
DA:50,2
DA:52,2
DA:54,2
DA:55,2
DA:59,1
DA:61,1
DA:69,1
DA:70,1
DA:72,1
DA:73,1
DA:78,6
LF:33
LH:33
BRDA:27,0,0,1
BRDA:27,0,1,7
BRDA:28,1,0,1
BRDA:28,1,1,6
BRDA:32,2,0,1
BRDA:32,2,1,5
BRDA:36,3,0,1
BRDA:36,3,1,4
BRF:8
BRH:8
end_of_record
TN:
SF:helpers/adminOnly.js
FN:1,adminOnly
FNF:1
FNH:1
FNDA:7,adminOnly
DA:2,7
DA:3,7
DA:4,6
DA:6,1
DA:10,6
LF:5
LH:5
BRDA:3,0,0,6
BRDA:3,0,1,1
BRF:2
BRH:2
end_of_record
TN:
SF:helpers/authentication.js
FN:4,authentication
FNF:1
FNH:1
FNDA:36,authentication
DA:1,6
DA:2,6
DA:5,36
DA:6,36
DA:7,36
DA:9,36
DA:10,5
DA:13,31
DA:14,31
DA:15,31
DA:17,31
DA:18,0
DA:21,31
DA:23,28
DA:25,28
DA:27,28
DA:28,1
DA:31,27
DA:36,27
DA:38,9
DA:42,6
LF:21
LH:20
BRDA:9,0,0,5
BRDA:9,0,1,31
BRDA:17,1,0,0
BRDA:17,1,1,31
BRDA:17,2,0,31
BRDA:17,2,1,31
BRDA:27,3,0,1
BRDA:27,3,1,27
BRF:8
BRH:7
end_of_record
TN:
SF:helpers/gemini.js
FN:14,fileToGenerativePart
FN:17,(anonymous_1)
FN:25,virtualTryOn
FN:99,(anonymous_3)
FNF:4
FNH:4
FNDA:6,fileToGenerativePart
FNDA:6,(anonymous_1)
FNDA:3,virtualTryOn
FNDA:2,(anonymous_3)
DA:1,3
DA:2,3
DA:3,3
DA:4,3
DA:6,3
DA:12,3
DA:16,6
DA:17,6
DA:19,6
DA:26,3
DA:27,3
DA:37,3
DA:76,3
DA:77,3
DA:78,3
DA:79,3
DA:80,3
DA:83,3
DA:99,2
DA:101,2
DA:103,2
DA:104,1
DA:107,1
DA:108,1
DA:110,1
DA:111,1
DA:113,1
DA:117,1
DA:119,1
DA:120,1
DA:121,1
DA:123,2
DA:124,2
DA:128,3
LF:34
LH:34
BRDA:103,0,0,1
BRDA:103,0,1,1
BRF:2
BRH:2
end_of_record
TN:
SF:helpers/jwt.js
FN:4,(anonymous_0)
FN:8,(anonymous_1)
FNF:2
FNH:2
FNDA:7,(anonymous_0)
FNDA:31,(anonymous_1)
DA:1,6
DA:2,6
DA:4,6
DA:5,7
DA:8,6
DA:9,31
DA:12,6
LF:7
LH:7
BRF:0
BRH:0
end_of_record
TN:
SF:middlewares/errorHandler.js
FN:1,errorHandler
FNF:1
FNH:1
FNDA:26,errorHandler
DA:2,26
DA:3,26
DA:4,26
DA:5,26
DA:6,8
DA:7,8
DA:10,18
DA:11,5
DA:12,5
DA:15,13
DA:16,3
DA:17,3
DA:20,10
DA:21,1
DA:22,1
DA:25,9
DA:26,3
DA:27,3
DA:30,6
DA:31,5
DA:32,5
DA:35,1
DA:36,1
DA:39,1
DA:42,6
LF:25
LH:25
BRDA:5,0,0,8
BRDA:5,0,1,18
BRDA:10,1,0,5
BRDA:10,1,1,13
BRDA:10,2,0,18
BRDA:10,2,1,15
BRDA:15,3,0,3
BRDA:15,3,1,10
BRDA:20,4,0,1
BRDA:20,4,1,9
BRDA:25,5,0,3
BRDA:25,5,1,6
BRDA:30,6,0,5
BRDA:30,6,1,1
BRDA:35,7,0,1
BRDA:35,7,1,0
BRF:16
BRH:15
end_of_record
TN:
SF:models/cart.js
FN:5,(anonymous_0)
FN:12,(anonymous_1)
FNF:2
FNH:2
FNDA:7,(anonymous_0)
FNDA:7,(anonymous_1)
DA:4,7
DA:5,7
DA:14,7
DA:15,7
DA:18,7
DA:28,7
LF:6
LH:6
BRF:0
BRH:0
end_of_record
TN:
SF:models/cartitem.js
FN:5,(anonymous_0)
FN:12,(anonymous_1)
FNF:2
FNH:2
FNDA:7,(anonymous_0)
FNDA:7,(anonymous_1)
DA:4,7
DA:5,7
DA:14,7
DA:15,7
DA:18,7
DA:36,7
LF:6
LH:6
BRF:0
BRH:0
end_of_record
TN:
SF:models/category.js
FN:6,generateSlug
FN:10,(anonymous_1)
FN:17,(anonymous_2)
FN:42,(anonymous_3)
FNF:4
FNH:4
FNDA:2,generateSlug
FNDA:7,(anonymous_1)
FNDA:7,(anonymous_2)
FNDA:3,(anonymous_3)
DA:4,7
DA:7,2
DA:10,7
DA:19,7
DA:22,7
DA:43,3
DA:44,2
DA:49,7
LF:8
LH:8
BRDA:43,0,0,2
BRDA:43,0,1,1
BRDA:43,1,0,3
BRDA:43,1,1,3
BRF:4
BRH:4
end_of_record
TN:
SF:models/index.js
FN:21,(anonymous_0)
FN:29,(anonymous_1)
FN:34,(anonymous_2)
FNF:3
FNH:3
FNDA:56,(anonymous_0)
FNDA:49,(anonymous_1)
FNDA:49,(anonymous_2)
DA:3,7
DA:4,7
DA:5,7
DA:6,7
DA:7,7
DA:8,7
DA:9,7
DA:10,7
DA:13,7
DA:14,0
DA:16,7
DA:19,7
DA:22,56
DA:30,49
DA:31,49
DA:34,7
DA:35,49
DA:36,49
DA:40,7
DA:41,7
DA:43,7
LF:21
LH:20
BRDA:8,0,0,7
BRDA:8,0,1,0
BRDA:13,1,0,0
BRDA:13,1,1,7
BRDA:23,2,0,56
BRDA:23,2,1,56
BRDA:23,2,2,49
BRDA:23,2,3,49
BRDA:35,3,0,49
BRDA:35,3,1,0
BRF:10
BRH:7
end_of_record
TN:
SF:models/order.js
FN:5,(anonymous_0)
FN:12,(anonymous_1)
FNF:2
FNH:2
FNDA:7,(anonymous_0)
FNDA:7,(anonymous_1)
DA:4,7
DA:5,7
DA:14,7
DA:15,7
DA:18,7
DA:51,7
LF:6
LH:6
BRF:0
BRH:0
end_of_record
TN:
SF:models/orderitem.js
FN:5,(anonymous_0)
FN:12,(anonymous_1)
FNF:2
FNH:2
FNDA:7,(anonymous_0)
FNDA:7,(anonymous_1)
DA:4,7
DA:5,7
DA:14,7
DA:15,7
DA:18,7
DA:46,7
LF:6
LH:6
BRF:0
BRH:0
end_of_record
TN:
SF:models/product.js
FN:9,(anonymous_0)
FN:16,(anonymous_1)
FN:80,(anonymous_2)
FNF:3
FNH:3
FNDA:7,(anonymous_0)
FNDA:7,(anonymous_1)
FNDA:10,(anonymous_2)
DA:4,7
DA:6,7
DA:7,7
DA:9,7
DA:18,7
DA:21,7
DA:81,10
DA:82,10
DA:83,10
DA:85,10
DA:86,3
DA:87,3
DA:92,7
LF:13
LH:13
BRDA:85,0,0,3
BRDA:85,0,1,7
BRDA:85,1,0,10
BRDA:85,1,1,8
BRDA:85,1,2,8
BRF:5
BRH:5
end_of_record
TN:
SF:models/user.js
FN:6,(anonymous_0)
FN:13,(anonymous_1)
FN:58,(anonymous_2)
FNF:3
FNH:3
FNDA:7,(anonymous_0)
FNDA:7,(anonymous_1)
FNDA:6,(anonymous_2)
DA:2,7
DA:5,7
DA:6,7
DA:15,7
DA:16,7
DA:19,7
DA:59,6
DA:63,7
LF:8
LH:8
BRF:0
BRH:0
end_of_record
